2018/07/03 11:35:29 AM     lib.py [line:   56]  INFO 请求数据:{'data': '测试弹幕', 'cid': '119484'}
http://qa.new.huomaotv.com.cn/chatnew/msg?data=%E6%B5%8B%E8%AF%95%E5%BC%B9%E5%B9%95&cid=119484
2018/07/03 11:35:29 AM connectionpool.py [line:  207]  DEBUG Starting new HTTP connection (1): qa.new.huomaotv.com.cn
2018/07/03 11:35:29 AM connectionpool.py [line:  395]  DEBUG http://qa.new.huomaotv.com.cn:80 "GET /chatnew/msg?data=%E6%B5%8B%E8%AF%95%E5%BC%B9%E5%B9%95&cid=119484 HTTP/1.1" 200 None
2018/07/03 11:35:29 AM     lib.py [line:   78]  INFO test_01验证成功
2018/07/03 11:35:29 AM     lib.py [line:   56]  INFO 请求数据:{'data': '', 'cid': '119484'}
http://qa.new.huomaotv.com.cn/chatnew/msg?data=&cid=119484
2018/07/03 11:35:29 AM connectionpool.py [line:  207]  DEBUG Starting new HTTP connection (1): qa.new.huomaotv.com.cn
2018/07/03 11:35:29 AM connectionpool.py [line:  395]  DEBUG http://qa.new.huomaotv.com.cn:80 "GET /chatnew/msg?data=&cid=119484 HTTP/1.1" 200 None
2018/07/03 11:35:29 AM     lib.py [line:   78]  INFO test_02验证成功
2018/07/03 11:35:29 AM     lib.py [line:   56]  INFO 请求数据:{'data': '测试弹幕', 'cid': ''}
http://qa.new.huomaotv.com.cn/chatnew/msg?data=%E6%B5%8B%E8%AF%95%E5%BC%B9%E5%B9%95&cid=
2018/07/03 11:35:29 AM connectionpool.py [line:  207]  DEBUG Starting new HTTP connection (1): qa.new.huomaotv.com.cn
2018/07/03 11:35:29 AM connectionpool.py [line:  395]  DEBUG http://qa.new.huomaotv.com.cn:80 "GET /chatnew/msg?data=%E6%B5%8B%E8%AF%95%E5%BC%B9%E5%B9%95&cid= HTTP/1.1" 200 None
2018/07/03 11:35:29 AM     lib.py [line:   78]  INFO test_03验证成功
2018/07/03 11:35:29 AM    user.py [line:   34]  INFO 注册用户名:t_n6739
2018/07/03 11:35:29 AM  peewee.py [line: 3764]  DEBUG ('SELECT `t1`.`uid`, `t1`.`username` FROM `username` AS t1 WHERE (`t1`.`username` = %s) LIMIT 1', ['t_n6739'])
2018/07/03 11:35:29 AM  peewee.py [line: 3764]  DEBUG ('INSERT INTO `uid` (`uid`.`id`) VALUES (DEFAULT)', [])
2018/07/03 11:35:29 AM  peewee.py [line: 3764]  DEBUG ('INSERT INTO `userbase` (`email`, `mobile`, `mobileareacode`, `name`, `openid`, `uid`, `weixin`) VALUES (%s, %s, %s, %s, %s, %s, %s)', ['', '', '', 't_n6739', '', 30103, ''])
2018/07/03 11:35:29 AM  peewee.py [line: 3764]  DEBUG ('INSERT INTO `username` (`uid`, `username`) VALUES (%s, %s)', [30103, 't_n6739'])
2018/07/03 11:35:29 AM  peewee.py [line: 3764]  DEBUG ('INSERT INTO `userinfo` (`uid`, `img`, `lv`, `password`) VALUES (%s, %s, %s, %s)', [30103, '', 0, 'c4ca4238a0b923820dcc509a6f75849b'])
2018/07/03 11:35:29 AM    user.py [line:   69]  INFO 注册UID:30103
2018/07/03 11:35:29 AM web_msg.py [line:   62]  INFO 注册用户UID：30103
2018/07/03 11:35:29 AM  peewee.py [line: 3764]  DEBUG ('INSERT INTO `mobile` (`mobile`, `uid`) VALUES (%s, %s)', ['15100030103', 30103])
2018/07/03 11:35:29 AM  peewee.py [line: 3764]  DEBUG ('UPDATE `userbase` SET `mobile` = %s, `mobileareacode` = %s WHERE (`userbase`.`uid` = %s)', ['15100030103', '+86', 30103])
2018/07/03 11:35:30 AM     lib.py [line:   56]  INFO 请求数据:{'data': '测试弹幕', 'cid': '119484'}
http://qa.new.huomaotv.com.cn/chatnew/msg?data=%E6%B5%8B%E8%AF%95%E5%BC%B9%E5%B9%95&cid=119484
2018/07/03 11:35:30 AM connectionpool.py [line:  207]  DEBUG Starting new HTTP connection (1): qa.new.huomaotv.com.cn
2018/07/03 11:35:30 AM connectionpool.py [line:  395]  DEBUG http://qa.new.huomaotv.com.cn:80 "GET /chatnew/msg?data=%E6%B5%8B%E8%AF%95%E5%BC%B9%E5%B9%95&cid=119484 HTTP/1.1" 200 None
2018/07/03 11:35:30 AM     lib.py [line:   78]  INFO test_04验证成功
2018/07/03 11:35:30 AM    user.py [line:   34]  INFO 注册用户名:t_n6740
2018/07/03 11:35:30 AM  peewee.py [line: 3764]  DEBUG ('SELECT `t1`.`uid`, `t1`.`username` FROM `username` AS t1 WHERE (`t1`.`username` = %s) LIMIT 1', ['t_n6740'])
2018/07/03 11:35:30 AM  peewee.py [line: 3764]  DEBUG ('INSERT INTO `uid` (`uid`.`id`) VALUES (DEFAULT)', [])
2018/07/03 11:35:30 AM  peewee.py [line: 3764]  DEBUG ('INSERT INTO `userbase` (`email`, `mobile`, `mobileareacode`, `name`, `openid`, `uid`, `weixin`) VALUES (%s, %s, %s, %s, %s, %s, %s)', ['', '', '', 't_n6740', '', 30104, ''])
2018/07/03 11:35:30 AM  peewee.py [line: 3764]  DEBUG ('INSERT INTO `username` (`uid`, `username`) VALUES (%s, %s)', [30104, 't_n6740'])
2018/07/03 11:35:30 AM  peewee.py [line: 3764]  DEBUG ('INSERT INTO `userinfo` (`uid`, `img`, `lv`, `password`) VALUES (%s, %s, %s, %s)', [30104, '', 0, 'c4ca4238a0b923820dcc509a6f75849b'])
2018/07/03 11:35:30 AM    user.py [line:   69]  INFO 注册UID:30104
2018/07/03 11:35:30 AM web_msg.py [line:   62]  INFO 注册用户UID：30104
2018/07/03 11:35:30 AM  peewee.py [line: 3764]  DEBUG ('INSERT INTO `mobile` (`mobile`, `uid`) VALUES (%s, %s)', ['15100030104', 30104])
2018/07/03 11:35:30 AM  peewee.py [line: 3764]  DEBUG ('UPDATE `userbase` SET `mobile` = %s, `mobileareacode` = %s WHERE (`userbase`.`uid` = %s)', ['15100030104', '+86', 30104])
2018/07/03 11:35:30 AM     lib.py [line:   56]  INFO 请求数据:{'data': '01234567890123456789012345678901234567890123456789', 'cid': '119484'}
http://qa.new.huomaotv.com.cn/chatnew/msg?data=01234567890123456789012345678901234567890123456789&cid=119484
2018/07/03 11:35:30 AM connectionpool.py [line:  207]  DEBUG Starting new HTTP connection (1): qa.new.huomaotv.com.cn
2018/07/03 11:35:30 AM connectionpool.py [line:  395]  DEBUG http://qa.new.huomaotv.com.cn:80 "GET /chatnew/msg?data=01234567890123456789012345678901234567890123456789&cid=119484 HTTP/1.1" 200 None
2018/07/03 11:35:30 AM     lib.py [line:   78]  INFO test_05验证成功
2018/07/03 11:35:30 AM    user.py [line:   34]  INFO 注册用户名:t_n6741
2018/07/03 11:35:30 AM  peewee.py [line: 3764]  DEBUG ('SELECT `t1`.`uid`, `t1`.`username` FROM `username` AS t1 WHERE (`t1`.`username` = %s) LIMIT 1', ['t_n6741'])
2018/07/03 11:35:30 AM  peewee.py [line: 3764]  DEBUG ('INSERT INTO `uid` (`uid`.`id`) VALUES (DEFAULT)', [])
2018/07/03 11:35:31 AM  peewee.py [line: 3764]  DEBUG ('INSERT INTO `userbase` (`email`, `mobile`, `mobileareacode`, `name`, `openid`, `uid`, `weixin`) VALUES (%s, %s, %s, %s, %s, %s, %s)', ['', '', '', 't_n6741', '', 30105, ''])
2018/07/03 11:35:31 AM  peewee.py [line: 3764]  DEBUG ('INSERT INTO `username` (`uid`, `username`) VALUES (%s, %s)', [30105, 't_n6741'])
2018/07/03 11:35:31 AM  peewee.py [line: 3764]  DEBUG ('INSERT INTO `userinfo` (`uid`, `img`, `lv`, `password`) VALUES (%s, %s, %s, %s)', [30105, '', 0, 'c4ca4238a0b923820dcc509a6f75849b'])
2018/07/03 11:35:31 AM    user.py [line:   69]  INFO 注册UID:30105
2018/07/03 11:35:31 AM web_msg.py [line:   62]  INFO 注册用户UID：30105
2018/07/03 11:35:31 AM  peewee.py [line: 3764]  DEBUG ('INSERT INTO `mobile` (`mobile`, `uid`) VALUES (%s, %s)', ['15100030105', 30105])
2018/07/03 11:35:31 AM  peewee.py [line: 3764]  DEBUG ('UPDATE `userbase` SET `mobile` = %s, `mobileareacode` = %s WHERE (`userbase`.`uid` = %s)', ['15100030105', '+86', 30105])
2018/07/03 11:35:31 AM transport.py [line: 1685]  DEBUG starting thread (client mode): 0xc29c51d0
2018/07/03 11:35:31 AM transport.py [line: 1685]  DEBUG Local version/idstring: SSH-2.0-paramiko_2.3.1
2018/07/03 11:35:31 AM transport.py [line: 1685]  DEBUG Remote version/idstring: SSH-2.0-OpenSSH_5.3
2018/07/03 11:35:31 AM transport.py [line: 1685]  INFO Connected (version 2.0, client OpenSSH_5.3)
2018/07/03 11:35:31 AM transport.py [line: 1685]  DEBUG kex algos:['diffie-hellman-group-exchange-sha256', 'diffie-hellman-group-exchange-sha1', 'diffie-hellman-group14-sha1', 'diffie-hellman-group1-sha1'] server key:['ssh-rsa', 'ssh-dss'] client encrypt:['aes128-ctr', 'aes192-ctr', 'aes256-ctr', 'arcfour256', 'arcfour128', 'aes128-cbc', '3des-cbc', 'blowfish-cbc', 'cast128-cbc', 'aes192-cbc', 'aes256-cbc', 'arcfour', 'rijndael-cbc@lysator.liu.se'] server encrypt:['aes128-ctr', 'aes192-ctr', 'aes256-ctr', 'arcfour256', 'arcfour128', 'aes128-cbc', '3des-cbc', 'blowfish-cbc', 'cast128-cbc', 'aes192-cbc', 'aes256-cbc', 'arcfour', 'rijndael-cbc@lysator.liu.se'] client mac:['hmac-md5', 'hmac-sha1', 'umac-64@openssh.com', 'hmac-sha2-256', 'hmac-sha2-512', 'hmac-ripemd160', 'hmac-ripemd160@openssh.com', 'hmac-sha1-96', 'hmac-md5-96'] server mac:['hmac-md5', 'hmac-sha1', 'umac-64@openssh.com', 'hmac-sha2-256', 'hmac-sha2-512', 'hmac-ripemd160', 'hmac-ripemd160@openssh.com', 'hmac-sha1-96', 'hmac-md5-96'] client compress:['none', 'zlib@openssh.com'] server compress:['none', 'zlib@openssh.com'] client lang:[''] server lang:[''] kex follows?False
2018/07/03 11:35:31 AM transport.py [line: 1685]  DEBUG Kex agreed: diffie-hellman-group-exchange-sha256
2018/07/03 11:35:31 AM transport.py [line: 1685]  DEBUG HostKey agreed: ssh-rsa
2018/07/03 11:35:31 AM transport.py [line: 1685]  DEBUG Cipher agreed: aes128-ctr
2018/07/03 11:35:31 AM transport.py [line: 1685]  DEBUG MAC agreed: hmac-sha2-256
2018/07/03 11:35:31 AM transport.py [line: 1685]  DEBUG Compression agreed: none
2018/07/03 11:35:31 AM transport.py [line: 1685]  DEBUG Got server p (2048 bits)
2018/07/03 11:35:31 AM transport.py [line: 1685]  DEBUG kex engine KexGexSHA256 specified hash_algo <built-in function openssl_sha256>
2018/07/03 11:35:31 AM transport.py [line: 1685]  DEBUG Switch to new keys ...
2018/07/03 11:35:31 AM transport.py [line: 1685]  DEBUG Adding ssh-rsa host key for 10.10.23.14: b'1a5d8b597115c13c4debe943a2aa266c'
2018/07/03 11:35:31 AM transport.py [line: 1685]  DEBUG Trying discovered key b'e6614ba3fa442e278e84cf30bf09092d' in C:\Users\Admin/.ssh/id_rsa
2018/07/03 11:35:31 AM transport.py [line: 1685]  DEBUG userauth is OK
2018/07/03 11:35:31 AM transport.py [line: 1685]  INFO Authentication (publickey) failed.
2018/07/03 11:35:31 AM transport.py [line: 1685]  DEBUG userauth is OK
2018/07/03 11:35:31 AM transport.py [line: 1685]  INFO Authentication (password) successful!
2018/07/03 11:35:31 AM channel.py [line: 1183]  DEBUG [chan 0] Max packet in: 32768 bytes
2018/07/03 11:35:31 AM channel.py [line: 1183]  DEBUG [chan 0] Max packet out: 32768 bytes
2018/07/03 11:35:31 AM transport.py [line: 1685]  DEBUG Secsh channel 0 opened.
2018/07/03 11:35:31 AM channel.py [line: 1183]  DEBUG [chan 0] Sesch channel 0 request ok
2018/07/03 11:35:32 AM channel.py [line: 1183]  DEBUG [chan 0] EOF received (0)
2018/07/03 11:35:32 AM channel.py [line: 1183]  DEBUG [chan 0] EOF sent (0)
2018/07/03 11:35:32 AM     lib.py [line:   56]  INFO 请求数据:{'data': '测试弹幕', 'cid': '119484'}
http://qa.new.huomaotv.com.cn/chatnew/msg?data=%E6%B5%8B%E8%AF%95%E5%BC%B9%E5%B9%95&cid=119484
2018/07/03 11:35:32 AM connectionpool.py [line:  207]  DEBUG Starting new HTTP connection (1): qa.new.huomaotv.com.cn
2018/07/03 11:35:32 AM connectionpool.py [line:  395]  DEBUG http://qa.new.huomaotv.com.cn:80 "GET /chatnew/msg?data=%E6%B5%8B%E8%AF%95%E5%BC%B9%E5%B9%95&cid=119484 HTTP/1.1" 200 None
2018/07/03 11:35:32 AM     lib.py [line:   78]  INFO test_07验证成功
2018/07/03 11:35:32 AM    user.py [line:   34]  INFO 注册用户名:t_n6742
2018/07/03 11:35:32 AM  peewee.py [line: 3764]  DEBUG ('SELECT `t1`.`uid`, `t1`.`username` FROM `username` AS t1 WHERE (`t1`.`username` = %s) LIMIT 1', ['t_n6742'])
2018/07/03 11:35:32 AM  peewee.py [line: 3764]  DEBUG ('INSERT INTO `uid` (`uid`.`id`) VALUES (DEFAULT)', [])
2018/07/03 11:35:32 AM  peewee.py [line: 3764]  DEBUG ('INSERT INTO `userbase` (`email`, `mobile`, `mobileareacode`, `name`, `openid`, `uid`, `weixin`) VALUES (%s, %s, %s, %s, %s, %s, %s)', ['', '', '', 't_n6742', '', 30106, ''])
2018/07/03 11:35:32 AM  peewee.py [line: 3764]  DEBUG ('INSERT INTO `username` (`uid`, `username`) VALUES (%s, %s)', [30106, 't_n6742'])
2018/07/03 11:35:32 AM  peewee.py [line: 3764]  DEBUG ('INSERT INTO `userinfo` (`uid`, `img`, `lv`, `password`) VALUES (%s, %s, %s, %s)', [30106, '', 0, 'c4ca4238a0b923820dcc509a6f75849b'])
2018/07/03 11:35:32 AM    user.py [line:   69]  INFO 注册UID:30106
2018/07/03 11:35:32 AM web_msg.py [line:   62]  INFO 注册用户UID：30106
2018/07/03 11:35:32 AM     lib.py [line:   56]  INFO 请求数据:{'data': '测试弹幕', 'cid': '119484'}
http://qa.new.huomaotv.com.cn/chatnew/msg?data=%E6%B5%8B%E8%AF%95%E5%BC%B9%E5%B9%95&cid=119484
2018/07/03 11:35:32 AM connectionpool.py [line:  207]  DEBUG Starting new HTTP connection (1): qa.new.huomaotv.com.cn
2018/07/03 11:35:32 AM connectionpool.py [line:  395]  DEBUG http://qa.new.huomaotv.com.cn:80 "GET /chatnew/msg?data=%E6%B5%8B%E8%AF%95%E5%BC%B9%E5%B9%95&cid=119484 HTTP/1.1" 200 None
2018/07/03 11:35:32 AM     lib.py [line:   78]  INFO test_08验证成功
2018/07/03 11:35:32 AM    user.py [line:   34]  INFO 注册用户名:t_n6743
2018/07/03 11:35:32 AM  peewee.py [line: 3764]  DEBUG ('SELECT `t1`.`uid`, `t1`.`username` FROM `username` AS t1 WHERE (`t1`.`username` = %s) LIMIT 1', ['t_n6743'])
2018/07/03 11:35:32 AM  peewee.py [line: 3764]  DEBUG ('INSERT INTO `uid` (`uid`.`id`) VALUES (DEFAULT)', [])
2018/07/03 11:35:33 AM  peewee.py [line: 3764]  DEBUG ('INSERT INTO `userbase` (`email`, `mobile`, `mobileareacode`, `name`, `openid`, `uid`, `weixin`) VALUES (%s, %s, %s, %s, %s, %s, %s)', ['', '', '', 't_n6743', '', 30107, ''])
2018/07/03 11:35:33 AM  peewee.py [line: 3764]  DEBUG ('INSERT INTO `username` (`uid`, `username`) VALUES (%s, %s)', [30107, 't_n6743'])
2018/07/03 11:35:33 AM  peewee.py [line: 3764]  DEBUG ('INSERT INTO `userinfo` (`uid`, `img`, `lv`, `password`) VALUES (%s, %s, %s, %s)', [30107, '', 0, 'c4ca4238a0b923820dcc509a6f75849b'])
2018/07/03 11:35:33 AM    user.py [line:   69]  INFO 注册UID:30107
2018/07/03 11:35:33 AM web_msg.py [line:   62]  INFO 注册用户UID：30107
2018/07/03 11:35:33 AM  peewee.py [line: 3764]  DEBUG ('INSERT INTO `mobile` (`mobile`, `uid`) VALUES (%s, %s)', ['15100030107', 30107])
2018/07/03 11:35:33 AM  peewee.py [line: 3764]  DEBUG ('UPDATE `userbase` SET `mobile` = %s, `mobileareacode` = %s WHERE (`userbase`.`uid` = %s)', ['15100030107', '+86', 30107])
2018/07/03 11:35:33 AM connectionpool.py [line:  207]  DEBUG Starting new HTTP connection (1): lxy.new.huomaotv.com.cn
2018/07/03 11:35:33 AM connectionpool.py [line:  395]  DEBUG http://lxy.new.huomaotv.com.cn:80 "GET /myroom/setCommChannelGag?text=%E6%B5%8B%E8%AF%95&status=0&nickname=%E6%B5%8B%E8%AF%95&uid=30107&cid=119484 HTTP/1.1" 200 None
2018/07/03 11:35:33 AM  common.py [line:  140]  INFO {'status': True, 'data': {'channel_id': '119484', 'title': '禁言', 'nickname': '测试', 'time': 1530588949}, 'message': '处理成功！', 'code': 4000}
2018/07/03 11:35:33 AM     lib.py [line:   56]  INFO 请求数据:{'data': '测试弹幕', 'cid': '119484'}
http://qa.new.huomaotv.com.cn/chatnew/msg?data=%E6%B5%8B%E8%AF%95%E5%BC%B9%E5%B9%95&cid=119484
2018/07/03 11:35:33 AM connectionpool.py [line:  207]  DEBUG Starting new HTTP connection (1): qa.new.huomaotv.com.cn
2018/07/03 11:35:33 AM connectionpool.py [line:  395]  DEBUG http://qa.new.huomaotv.com.cn:80 "GET /chatnew/msg?data=%E6%B5%8B%E8%AF%95%E5%BC%B9%E5%B9%95&cid=119484 HTTP/1.1" 200 None
2018/07/03 11:35:33 AM     lib.py [line:   78]  INFO test_10验证成功
2018/07/03 11:35:34 AM    user.py [line:   34]  INFO 注册用户名:t_n6744
2018/07/03 11:35:34 AM  peewee.py [line: 3764]  DEBUG ('SELECT `t1`.`uid`, `t1`.`username` FROM `username` AS t1 WHERE (`t1`.`username` = %s) LIMIT 1', ['t_n6744'])
2018/07/03 11:35:34 AM  peewee.py [line: 3764]  DEBUG ('INSERT INTO `uid` (`uid`.`id`) VALUES (DEFAULT)', [])
2018/07/03 11:35:34 AM  peewee.py [line: 3764]  DEBUG ('INSERT INTO `userbase` (`email`, `mobile`, `mobileareacode`, `name`, `openid`, `uid`, `weixin`) VALUES (%s, %s, %s, %s, %s, %s, %s)', ['', '', '', 't_n6744', '', 30108, ''])
2018/07/03 11:35:34 AM  peewee.py [line: 3764]  DEBUG ('INSERT INTO `username` (`uid`, `username`) VALUES (%s, %s)', [30108, 't_n6744'])
2018/07/03 11:35:34 AM  peewee.py [line: 3764]  DEBUG ('INSERT INTO `userinfo` (`uid`, `img`, `lv`, `password`) VALUES (%s, %s, %s, %s)', [30108, '', 0, 'c4ca4238a0b923820dcc509a6f75849b'])
2018/07/03 11:35:34 AM    user.py [line:   69]  INFO 注册UID:30108
2018/07/03 11:35:34 AM web_msg.py [line:   62]  INFO 注册用户UID：30108
2018/07/03 11:35:34 AM  peewee.py [line: 3764]  DEBUG ('INSERT INTO `mobile` (`mobile`, `uid`) VALUES (%s, %s)', ['15100030108', 30108])
2018/07/03 11:35:34 AM  peewee.py [line: 3764]  DEBUG ('UPDATE `userbase` SET `mobile` = %s, `mobileareacode` = %s WHERE (`userbase`.`uid` = %s)', ['15100030108', '+86', 30108])
2018/07/03 11:35:34 AM     lib.py [line:   56]  INFO 请求数据:{'data': '测试弹幕', 'cid': '119484'}
http://qa.new.huomaotv.com.cn/chatnew/msg?data=%E6%B5%8B%E8%AF%95%E5%BC%B9%E5%B9%95&cid=119484
2018/07/03 11:35:34 AM connectionpool.py [line:  207]  DEBUG Starting new HTTP connection (1): qa.new.huomaotv.com.cn
2018/07/03 11:35:34 AM connectionpool.py [line:  395]  DEBUG http://qa.new.huomaotv.com.cn:80 "GET /chatnew/msg?data=%E6%B5%8B%E8%AF%95%E5%BC%B9%E5%B9%95&cid=119484 HTTP/1.1" 200 None
2018/07/03 11:35:34 AM     lib.py [line:   78]  INFO test_11验证成功
2018/07/03 11:35:34 AM     lib.py [line:   56]  INFO 请求数据:{'data': '测试弹幕', 'cid': '119484'}
http://qa.new.huomaotv.com.cn/chatnew/msg?data=%E6%B5%8B%E8%AF%95%E5%BC%B9%E5%B9%95&cid=119484
2018/07/03 11:35:34 AM connectionpool.py [line:  207]  DEBUG Starting new HTTP connection (1): qa.new.huomaotv.com.cn
2018/07/03 11:35:34 AM connectionpool.py [line:  395]  DEBUG http://qa.new.huomaotv.com.cn:80 "GET /chatnew/msg?data=%E6%B5%8B%E8%AF%95%E5%BC%B9%E5%B9%95&cid=119484 HTTP/1.1" 200 None
2018/07/03 11:35:34 AM     lib.py [line:   78]  INFO test_12验证成功
2018/07/03 11:35:34 AM    user.py [line:   34]  INFO 注册用户名:t_n6745
2018/07/03 11:35:34 AM  peewee.py [line: 3764]  DEBUG ('SELECT `t1`.`uid`, `t1`.`username` FROM `username` AS t1 WHERE (`t1`.`username` = %s) LIMIT 1', ['t_n6745'])
2018/07/03 11:35:34 AM  peewee.py [line: 3764]  DEBUG ('INSERT INTO `uid` (`uid`.`id`) VALUES (DEFAULT)', [])
2018/07/03 11:35:35 AM  peewee.py [line: 3764]  DEBUG ('INSERT INTO `userbase` (`email`, `mobile`, `mobileareacode`, `name`, `openid`, `uid`, `weixin`) VALUES (%s, %s, %s, %s, %s, %s, %s)', ['', '', '', 't_n6745', '', 30109, ''])
2018/07/03 11:35:35 AM  peewee.py [line: 3764]  DEBUG ('INSERT INTO `username` (`uid`, `username`) VALUES (%s, %s)', [30109, 't_n6745'])
2018/07/03 11:35:35 AM  peewee.py [line: 3764]  DEBUG ('INSERT INTO `userinfo` (`uid`, `img`, `lv`, `password`) VALUES (%s, %s, %s, %s)', [30109, '', 0, 'c4ca4238a0b923820dcc509a6f75849b'])
2018/07/03 11:35:35 AM    user.py [line:   69]  INFO 注册UID:30109
2018/07/03 11:35:35 AM web_msg.py [line:   62]  INFO 注册用户UID：30109
2018/07/03 11:35:35 AM  peewee.py [line: 3764]  DEBUG ('INSERT INTO `mobile` (`mobile`, `uid`) VALUES (%s, %s)', ['15100030109', 30109])
2018/07/03 11:35:35 AM  peewee.py [line: 3764]  DEBUG ('UPDATE `userbase` SET `mobile` = %s, `mobileareacode` = %s WHERE (`userbase`.`uid` = %s)', ['15100030109', '+86', 30109])
2018/07/03 11:35:35 AM  peewee.py [line: 3764]  DEBUG ('INSERT INTO `user_bag` (`add_time`, `bag_id`, `expire_time`, `get_way`, `num`, `total`, `type`, `uid`) VALUES (%s, %s, %s, %s, %s, %s, %s, %s)', [1530588935, 100001, 1530598935, 'admin_33', 1, 1, 2, 30109])
2018/07/03 11:35:35 AM  peewee.py [line: 3764]  DEBUG ('SELECT `t1`.`id`, `t1`.`bean`, `t1`.`coin`, `t1`.`ts`, `t1`.`uid` FROM `money` AS t1 WHERE (`t1`.`uid` = %s) LIMIT 1', [30109])
2018/07/03 11:35:35 AM  peewee.py [line: 3764]  DEBUG ('INSERT INTO `money` (`bean`, `coin`, `ts`, `uid`) VALUES (%s, %s, %s, %s)', [Decimal('0'), Decimal('1'), 1530588935, 30109])
2018/07/03 11:35:35 AM     lib.py [line:   56]  INFO 请求数据:{'data': '测试弹幕', 'color_barrage': 1, 'cid': '119484'}
http://qa.new.huomaotv.com.cn/chatnew/msg?data=%E6%B5%8B%E8%AF%95%E5%BC%B9%E5%B9%95&color_barrage=1&cid=119484
2018/07/03 11:35:35 AM connectionpool.py [line:  207]  DEBUG Starting new HTTP connection (1): qa.new.huomaotv.com.cn
2018/07/03 11:35:36 AM connectionpool.py [line:  395]  DEBUG http://qa.new.huomaotv.com.cn:80 "GET /chatnew/msg?data=%E6%B5%8B%E8%AF%95%E5%BC%B9%E5%B9%95&color_barrage=1&cid=119484 HTTP/1.1" 200 None
2018/07/03 11:35:36 AM     lib.py [line:   78]  INFO test_13验证成功
2018/07/03 11:35:36 AM  peewee.py [line: 3764]  DEBUG ('SELECT Sum(`t1`.`num`) AS nums FROM `user_bag` AS t1 WHERE ((`t1`.`uid` = %s) AND (`t1`.`bag_id` = %s)) LIMIT 1', [30109, 100001])
2018/07/03 11:35:36 AM  peewee.py [line: 3764]  DEBUG ('SELECT `t1`.`id`, `t1`.`bean`, `t1`.`coin`, `t1`.`ts`, `t1`.`uid` FROM `money` AS t1 WHERE (`t1`.`uid` = %s) LIMIT 1', [30109])
2018/07/03 11:35:36 AM     lib.py [line:   83]  INFO test_13二次验证成功
2018/07/03 11:35:36 AM    user.py [line:   34]  INFO 注册用户名:t_n6746
2018/07/03 11:35:36 AM  peewee.py [line: 3764]  DEBUG ('SELECT `t1`.`uid`, `t1`.`username` FROM `username` AS t1 WHERE (`t1`.`username` = %s) LIMIT 1', ['t_n6746'])
2018/07/03 11:35:36 AM  peewee.py [line: 3764]  DEBUG ('INSERT INTO `uid` (`uid`.`id`) VALUES (DEFAULT)', [])
2018/07/03 11:35:36 AM  peewee.py [line: 3764]  DEBUG ('INSERT INTO `userbase` (`email`, `mobile`, `mobileareacode`, `name`, `openid`, `uid`, `weixin`) VALUES (%s, %s, %s, %s, %s, %s, %s)', ['', '', '', 't_n6746', '', 30110, ''])
2018/07/03 11:35:36 AM  peewee.py [line: 3764]  DEBUG ('INSERT INTO `username` (`uid`, `username`) VALUES (%s, %s)', [30110, 't_n6746'])
2018/07/03 11:35:36 AM  peewee.py [line: 3764]  DEBUG ('INSERT INTO `userinfo` (`uid`, `img`, `lv`, `password`) VALUES (%s, %s, %s, %s)', [30110, '', 0, 'c4ca4238a0b923820dcc509a6f75849b'])
2018/07/03 11:35:36 AM    user.py [line:   69]  INFO 注册UID:30110
2018/07/03 11:35:36 AM web_msg.py [line:   62]  INFO 注册用户UID：30110
2018/07/03 11:35:36 AM  peewee.py [line: 3764]  DEBUG ('INSERT INTO `mobile` (`mobile`, `uid`) VALUES (%s, %s)', ['15100030110', 30110])
2018/07/03 11:35:36 AM  peewee.py [line: 3764]  DEBUG ('UPDATE `userbase` SET `mobile` = %s, `mobileareacode` = %s WHERE (`userbase`.`uid` = %s)', ['15100030110', '+86', 30110])
2018/07/03 11:35:36 AM  peewee.py [line: 3764]  DEBUG ('SELECT `t1`.`id`, `t1`.`bean`, `t1`.`coin`, `t1`.`ts`, `t1`.`uid` FROM `money` AS t1 WHERE (`t1`.`uid` = %s) LIMIT 1', [30110])
2018/07/03 11:35:36 AM  peewee.py [line: 3764]  DEBUG ('INSERT INTO `money` (`bean`, `coin`, `ts`, `uid`) VALUES (%s, %s, %s, %s)', [Decimal('0'), Decimal('1'), 1530588936, 30110])
2018/07/03 11:35:36 AM     lib.py [line:   56]  INFO 请求数据:{'data': '测试弹幕', 'color_barrage': 1, 'cid': '119484'}
http://qa.new.huomaotv.com.cn/chatnew/msg?data=%E6%B5%8B%E8%AF%95%E5%BC%B9%E5%B9%95&color_barrage=1&cid=119484
2018/07/03 11:35:36 AM connectionpool.py [line:  207]  DEBUG Starting new HTTP connection (1): qa.new.huomaotv.com.cn
2018/07/03 11:35:37 AM connectionpool.py [line:  395]  DEBUG http://qa.new.huomaotv.com.cn:80 "GET /chatnew/msg?data=%E6%B5%8B%E8%AF%95%E5%BC%B9%E5%B9%95&color_barrage=1&cid=119484 HTTP/1.1" 200 None
2018/07/03 11:35:37 AM     lib.py [line:   78]  INFO test_14验证成功
2018/07/03 11:35:37 AM  peewee.py [line: 3764]  DEBUG ('SELECT `t1`.`id`, `t1`.`bean`, `t1`.`coin`, `t1`.`ts`, `t1`.`uid` FROM `money` AS t1 WHERE (`t1`.`uid` = %s) LIMIT 1', [30110])
2018/07/03 11:35:37 AM     lib.py [line:   83]  INFO test_14二次验证成功
2018/07/03 11:35:37 AM    user.py [line:   34]  INFO 注册用户名:t_n6747
2018/07/03 11:35:37 AM  peewee.py [line: 3764]  DEBUG ('SELECT `t1`.`uid`, `t1`.`username` FROM `username` AS t1 WHERE (`t1`.`username` = %s) LIMIT 1', ['t_n6747'])
2018/07/03 11:35:37 AM  peewee.py [line: 3764]  DEBUG ('INSERT INTO `uid` (`uid`.`id`) VALUES (DEFAULT)', [])
2018/07/03 11:35:37 AM  peewee.py [line: 3764]  DEBUG ('INSERT INTO `userbase` (`email`, `mobile`, `mobileareacode`, `name`, `openid`, `uid`, `weixin`) VALUES (%s, %s, %s, %s, %s, %s, %s)', ['', '', '', 't_n6747', '', 30111, ''])
2018/07/03 11:35:37 AM  peewee.py [line: 3764]  DEBUG ('INSERT INTO `username` (`uid`, `username`) VALUES (%s, %s)', [30111, 't_n6747'])
2018/07/03 11:35:37 AM  peewee.py [line: 3764]  DEBUG ('INSERT INTO `userinfo` (`uid`, `img`, `lv`, `password`) VALUES (%s, %s, %s, %s)', [30111, '', 0, 'c4ca4238a0b923820dcc509a6f75849b'])
2018/07/03 11:35:37 AM    user.py [line:   69]  INFO 注册UID:30111
2018/07/03 11:35:37 AM web_msg.py [line:   62]  INFO 注册用户UID：30111
2018/07/03 11:35:37 AM  peewee.py [line: 3764]  DEBUG ('INSERT INTO `mobile` (`mobile`, `uid`) VALUES (%s, %s)', ['15100030111', 30111])
2018/07/03 11:35:37 AM  peewee.py [line: 3764]  DEBUG ('UPDATE `userbase` SET `mobile` = %s, `mobileareacode` = %s WHERE (`userbase`.`uid` = %s)', ['15100030111', '+86', 30111])
2018/07/03 11:35:37 AM     lib.py [line:   56]  INFO 请求数据:{'data': '测试弹幕', 'cid': '119484'}
http://qa.new.huomaotv.com.cn/chatnew/msg?data=%E6%B5%8B%E8%AF%95%E5%BC%B9%E5%B9%95&cid=119484
2018/07/03 11:35:37 AM connectionpool.py [line:  207]  DEBUG Starting new HTTP connection (1): qa.new.huomaotv.com.cn
2018/07/03 11:35:37 AM connectionpool.py [line:  395]  DEBUG http://qa.new.huomaotv.com.cn:80 "GET /chatnew/msg?data=%E6%B5%8B%E8%AF%95%E5%BC%B9%E5%B9%95&cid=119484 HTTP/1.1" 200 None
2018/07/03 11:35:37 AM     lib.py [line:   78]  INFO test_15验证成功
2018/07/03 11:35:37 AM    user.py [line:   34]  INFO 注册用户名:t_n6748
2018/07/03 11:35:37 AM  peewee.py [line: 3764]  DEBUG ('SELECT `t1`.`uid`, `t1`.`username` FROM `username` AS t1 WHERE (`t1`.`username` = %s) LIMIT 1', ['t_n6748'])
2018/07/03 11:35:37 AM  peewee.py [line: 3764]  DEBUG ('INSERT INTO `uid` (`uid`.`id`) VALUES (DEFAULT)', [])
2018/07/03 11:35:37 AM  peewee.py [line: 3764]  DEBUG ('INSERT INTO `userbase` (`email`, `mobile`, `mobileareacode`, `name`, `openid`, `uid`, `weixin`) VALUES (%s, %s, %s, %s, %s, %s, %s)', ['', '', '', 't_n6748', '', 30112, ''])
2018/07/03 11:35:37 AM  peewee.py [line: 3764]  DEBUG ('INSERT INTO `username` (`uid`, `username`) VALUES (%s, %s)', [30112, 't_n6748'])
2018/07/03 11:35:38 AM  peewee.py [line: 3764]  DEBUG ('INSERT INTO `userinfo` (`uid`, `img`, `lv`, `password`) VALUES (%s, %s, %s, %s)', [30112, '', 0, 'c4ca4238a0b923820dcc509a6f75849b'])
2018/07/03 11:35:38 AM    user.py [line:   69]  INFO 注册UID:30112
2018/07/03 11:35:38 AM web_msg.py [line:   62]  INFO 注册用户UID：30112
2018/07/03 11:35:38 AM  peewee.py [line: 3764]  DEBUG ('INSERT INTO `mobile` (`mobile`, `uid`) VALUES (%s, %s)', ['15100030112', 30112])
2018/07/03 11:35:38 AM  peewee.py [line: 3764]  DEBUG ('UPDATE `userbase` SET `mobile` = %s, `mobileareacode` = %s WHERE (`userbase`.`uid` = %s)', ['15100030112', '+86', 30112])
2018/07/03 11:35:38 AM  peewee.py [line: 3764]  DEBUG ('INSERT INTO `member_badge` (`bid`, `currentstat`, `expiretime`, `gettime`, `owntime`, `uid`) VALUES (%s, %s, %s, %s, %s, %s)', [1, 3, 0, 1, -1, 30112])
2018/07/03 11:35:38 AM     lib.py [line:   56]  INFO 请求数据:{'data': '测试弹幕', 'cid': '119484'}
http://qa.new.huomaotv.com.cn/chatnew/msg?data=%E6%B5%8B%E8%AF%95%E5%BC%B9%E5%B9%95&cid=119484
2018/07/03 11:35:38 AM connectionpool.py [line:  207]  DEBUG Starting new HTTP connection (1): qa.new.huomaotv.com.cn
2018/07/03 11:35:38 AM connectionpool.py [line:  395]  DEBUG http://qa.new.huomaotv.com.cn:80 "GET /chatnew/msg?data=%E6%B5%8B%E8%AF%95%E5%BC%B9%E5%B9%95&cid=119484 HTTP/1.1" 200 None
2018/07/03 11:35:38 AM     lib.py [line:   78]  INFO test_16验证成功
2018/07/03 11:35:38 AM transport.py [line: 1685]  DEBUG EOF in transport thread
