2017/07/17 02:11:56 PM smallgame.py[line:80] INFO µÚ1´Î£º
2017/07/17 02:11:56 PM smallgame.py[line:27] ERROR Expecting value: line 1 column 1 (char 0)
Traceback (most recent call last):
  File "E:\script\ÈÕ³£½Å±¾\smallgame.py", line 21, in getc
    period = res.json()['item_maps']['period']
  File "C:\Python35\lib\site-packages\requests\models.py", line 894, in json
    return complexjson.loads(self.text, **kwargs)
  File "C:\Python35\lib\json\__init__.py", line 319, in loads
    return _default_decoder.decode(s)
  File "C:\Python35\lib\json\decoder.py", line 339, in decode
    obj, end = self.raw_decode(s, idx=_w(s, 0).end())
  File "C:\Python35\lib\json\decoder.py", line 357, in raw_decode
    raise JSONDecodeError("Expecting value", s, err.value) from None
json.decoder.JSONDecodeError: Expecting value: line 1 column 1 (char 0)
2017/07/17 02:11:56 PM smallgame.py[line:28] ERROR <!DOCTYPE html>

<html lang="en">

<head>

<meta charset="utf-8">

<title>404 Page Not Found</title>

<style type="text/css">



::selection { background-color: #E13300; color: white; }

::-moz-selection { background-color: #E13300; color: white; }



body {

	background-color: #fff;

	margin: 40px;

	font: 13px/20px normal Helvetica, Arial, sans-serif;

	color: #4F5155;

}



a {

	color: #003399;

	background-color: transparent;

	font-weight: normal;

}



h1 {

	color: #444;

	background-color: transparent;

	border-bottom: 1px solid #D0D0D0;

	font-size: 19px;

	font-weight: normal;

	margin: 0 0 14px 0;

	padding: 14px 15px 10px 15px;

}



code {

	font-family: Consolas, Monaco, Courier New, Courier, monospace;

	font-size: 12px;

	background-color: #f9f9f9;

	border: 1px solid #D0D0D0;

	color: #002166;

	display: block;

	margin: 14px 0 14px 0;

	padding: 12px 10px 12px 10px;

}



#container {

	margin: 10px;

	border: 1px solid #D0D0D0;

	box-shadow: 0 0 8px #D0D0D0;

}



p {

	margin: 12px 15px 12px 15px;

}

</style>

</head>

<body>

	<div id="container">

		<h1>404 Page Not Found</h1>

		<p>The page you requested was not found.</p>	</div>

</body>

</html>
Traceback (most recent call last):
  File "E:\script\ÈÕ³£½Å±¾\smallgame.py", line 21, in getc
    period = res.json()['item_maps']['period']
  File "C:\Python35\lib\site-packages\requests\models.py", line 894, in json
    return complexjson.loads(self.text, **kwargs)
  File "C:\Python35\lib\json\__init__.py", line 319, in loads
    return _default_decoder.decode(s)
  File "C:\Python35\lib\json\decoder.py", line 339, in decode
    obj, end = self.raw_decode(s, idx=_w(s, 0).end())
  File "C:\Python35\lib\json\decoder.py", line 357, in raw_decode
    raise JSONDecodeError("Expecting value", s, err.value) from None
json.decoder.JSONDecodeError: Expecting value: line 1 column 1 (char 0)
2017/07/17 02:11:56 PM smallgame.py[line:51] ERROR Expecting value: line 1 column 1 (char 0)
Traceback (most recent call last):
  File "E:\script\ÈÕ³£½Å±¾\smallgame.py", line 49, in bet2
    logging.info('join{}'.format(res.json()))
  File "C:\Python35\lib\site-packages\requests\models.py", line 894, in json
    return complexjson.loads(self.text, **kwargs)
  File "C:\Python35\lib\json\__init__.py", line 319, in loads
    return _default_decoder.decode(s)
  File "C:\Python35\lib\json\decoder.py", line 339, in decode
    obj, end = self.raw_decode(s, idx=_w(s, 0).end())
  File "C:\Python35\lib\json\decoder.py", line 357, in raw_decode
    raise JSONDecodeError("Expecting value", s, err.value) from None
json.decoder.JSONDecodeError: Expecting value: line 1 column 1 (char 0)
2017/07/17 02:11:56 PM smallgame.py[line:51] ERROR Expecting value: line 1 column 1 (char 0)
Traceback (most recent call last):
  File "E:\script\ÈÕ³£½Å±¾\smallgame.py", line 49, in bet2
    logging.info('join{}'.format(res.json()))
  File "C:\Python35\lib\site-packages\requests\models.py", line 894, in json
    return complexjson.loads(self.text, **kwargs)
  File "C:\Python35\lib\json\__init__.py", line 319, in loads
    return _default_decoder.decode(s)
  File "C:\Python35\lib\json\decoder.py", line 339, in decode
    obj, end = self.raw_decode(s, idx=_w(s, 0).end())
  File "C:\Python35\lib\json\decoder.py", line 357, in raw_decode
    raise JSONDecodeError("Expecting value", s, err.value) from None
json.decoder.JSONDecodeError: Expecting value: line 1 column 1 (char 0)
2017/07/17 02:11:56 PM smallgame.py[line:51] ERROR Expecting value: line 1 column 1 (char 0)
Traceback (most recent call last):
  File "E:\script\ÈÕ³£½Å±¾\smallgame.py", line 49, in bet2
    logging.info('join{}'.format(res.json()))
  File "C:\Python35\lib\site-packages\requests\models.py", line 894, in json
    return complexjson.loads(self.text, **kwargs)
  File "C:\Python35\lib\json\__init__.py", line 319, in loads
    return _default_decoder.decode(s)
  File "C:\Python35\lib\json\decoder.py", line 339, in decode
    obj, end = self.raw_decode(s, idx=_w(s, 0).end())
  File "C:\Python35\lib\json\decoder.py", line 357, in raw_decode
    raise JSONDecodeError("Expecting value", s, err.value) from None
json.decoder.JSONDecodeError: Expecting value: line 1 column 1 (char 0)
2017/07/17 02:11:56 PM smallgame.py[line:51] ERROR Expecting value: line 1 column 1 (char 0)
Traceback (most recent call last):
  File "E:\script\ÈÕ³£½Å±¾\smallgame.py", line 49, in bet2
    logging.info('join{}'.format(res.json()))
  File "C:\Python35\lib\site-packages\requests\models.py", line 894, in json
    return complexjson.loads(self.text, **kwargs)
  File "C:\Python35\lib\json\__init__.py", line 319, in loads
    return _default_decoder.decode(s)
  File "C:\Python35\lib\json\decoder.py", line 339, in decode
    obj, end = self.raw_decode(s, idx=_w(s, 0).end())
  File "C:\Python35\lib\json\decoder.py", line 357, in raw_decode
    raise JSONDecodeError("Expecting value", s, err.value) from None
json.decoder.JSONDecodeError: Expecting value: line 1 column 1 (char 0)
2017/07/17 02:11:56 PM smallgame.py[line:51] ERROR Expecting value: line 1 column 1 (char 0)
Traceback (most recent call last):
  File "E:\script\ÈÕ³£½Å±¾\smallgame.py", line 49, in bet2
    logging.info('join{}'.format(res.json()))
  File "C:\Python35\lib\site-packages\requests\models.py", line 894, in json
    return complexjson.loads(self.text, **kwargs)
  File "C:\Python35\lib\json\__init__.py", line 319, in loads
    return _default_decoder.decode(s)
  File "C:\Python35\lib\json\decoder.py", line 339, in decode
    obj, end = self.raw_decode(s, idx=_w(s, 0).end())
  File "C:\Python35\lib\json\decoder.py", line 357, in raw_decode
    raise JSONDecodeError("Expecting value", s, err.value) from None
json.decoder.JSONDecodeError: Expecting value: line 1 column 1 (char 0)
2017/07/17 02:11:56 PM smallgame.py[line:51] ERROR Expecting value: line 1 column 1 (char 0)
Traceback (most recent call last):
  File "E:\script\ÈÕ³£½Å±¾\smallgame.py", line 49, in bet2
    logging.info('join{}'.format(res.json()))
  File "C:\Python35\lib\site-packages\requests\models.py", line 894, in json
    return complexjson.loads(self.text, **kwargs)
  File "C:\Python35\lib\json\__init__.py", line 319, in loads
    return _default_decoder.decode(s)
  File "C:\Python35\lib\json\decoder.py", line 339, in decode
    obj, end = self.raw_decode(s, idx=_w(s, 0).end())
  File "C:\Python35\lib\json\decoder.py", line 357, in raw_decode
    raise JSONDecodeError("Expecting value", s, err.value) from None
json.decoder.JSONDecodeError: Expecting value: line 1 column 1 (char 0)
2017/07/17 02:11:56 PM smallgame.py[line:51] ERROR Expecting value: line 1 column 1 (char 0)
Traceback (most recent call last):
  File "E:\script\ÈÕ³£½Å±¾\smallgame.py", line 49, in bet2
    logging.info('join{}'.format(res.json()))
  File "C:\Python35\lib\site-packages\requests\models.py", line 894, in json
    return complexjson.loads(self.text, **kwargs)
  File "C:\Python35\lib\json\__init__.py", line 319, in loads
    return _default_decoder.decode(s)
  File "C:\Python35\lib\json\decoder.py", line 339, in decode
    obj, end = self.raw_decode(s, idx=_w(s, 0).end())
  File "C:\Python35\lib\json\decoder.py", line 357, in raw_decode
    raise JSONDecodeError("Expecting value", s, err.value) from None
json.decoder.JSONDecodeError: Expecting value: line 1 column 1 (char 0)
2017/07/17 02:11:56 PM smallgame.py[line:51] ERROR Expecting value: line 1 column 1 (char 0)
Traceback (most recent call last):
  File "E:\script\ÈÕ³£½Å±¾\smallgame.py", line 49, in bet2
    logging.info('join{}'.format(res.json()))
  File "C:\Python35\lib\site-packages\requests\models.py", line 894, in json
    return complexjson.loads(self.text, **kwargs)
  File "C:\Python35\lib\json\__init__.py", line 319, in loads
    return _default_decoder.decode(s)
  File "C:\Python35\lib\json\decoder.py", line 339, in decode
    obj, end = self.raw_decode(s, idx=_w(s, 0).end())
  File "C:\Python35\lib\json\decoder.py", line 357, in raw_decode
    raise JSONDecodeError("Expecting value", s, err.value) from None
json.decoder.JSONDecodeError: Expecting value: line 1 column 1 (char 0)
2017/07/17 02:11:56 PM smallgame.py[line:51] ERROR Expecting value: line 1 column 1 (char 0)
Traceback (most recent call last):
  File "E:\script\ÈÕ³£½Å±¾\smallgame.py", line 49, in bet2
    logging.info('join{}'.format(res.json()))
  File "C:\Python35\lib\site-packages\requests\models.py", line 894, in json
    return complexjson.loads(self.text, **kwargs)
  File "C:\Python35\lib\json\__init__.py", line 319, in loads
    return _default_decoder.decode(s)
  File "C:\Python35\lib\json\decoder.py", line 339, in decode
    obj, end = self.raw_decode(s, idx=_w(s, 0).end())
  File "C:\Python35\lib\json\decoder.py", line 357, in raw_decode
    raise JSONDecodeError("Expecting value", s, err.value) from None
json.decoder.JSONDecodeError: Expecting value: line 1 column 1 (char 0)
2017/07/17 02:11:56 PM smallgame.py[line:51] ERROR Expecting value: line 1 column 1 (char 0)
Traceback (most recent call last):
  File "E:\script\ÈÕ³£½Å±¾\smallgame.py", line 49, in bet2
    logging.info('join{}'.format(res.json()))
  File "C:\Python35\lib\site-packages\requests\models.py", line 894, in json
    return complexjson.loads(self.text, **kwargs)
  File "C:\Python35\lib\json\__init__.py", line 319, in loads
    return _default_decoder.decode(s)
  File "C:\Python35\lib\json\decoder.py", line 339, in decode
    obj, end = self.raw_decode(s, idx=_w(s, 0).end())
  File "C:\Python35\lib\json\decoder.py", line 357, in raw_decode
    raise JSONDecodeError("Expecting value", s, err.value) from None
json.decoder.JSONDecodeError: Expecting value: line 1 column 1 (char 0)
2017/07/17 02:11:56 PM smallgame.py[line:51] ERROR Expecting value: line 1 column 1 (char 0)
Traceback (most recent call last):
  File "E:\script\ÈÕ³£½Å±¾\smallgame.py", line 49, in bet2
    logging.info('join{}'.format(res.json()))
  File "C:\Python35\lib\site-packages\requests\models.py", line 894, in json
    return complexjson.loads(self.text, **kwargs)
  File "C:\Python35\lib\json\__init__.py", line 319, in loads
    return _default_decoder.decode(s)
  File "C:\Python35\lib\json\decoder.py", line 339, in decode
    obj, end = self.raw_decode(s, idx=_w(s, 0).end())
  File "C:\Python35\lib\json\decoder.py", line 357, in raw_decode
    raise JSONDecodeError("Expecting value", s, err.value) from None
json.decoder.JSONDecodeError: Expecting value: line 1 column 1 (char 0)
2017/07/17 02:11:56 PM smallgame.py[line:51] ERROR Expecting value: line 1 column 1 (char 0)
Traceback (most recent call last):
  File "E:\script\ÈÕ³£½Å±¾\smallgame.py", line 49, in bet2
    logging.info('join{}'.format(res.json()))
  File "C:\Python35\lib\site-packages\requests\models.py", line 894, in json
    return complexjson.loads(self.text, **kwargs)
  File "C:\Python35\lib\json\__init__.py", line 319, in loads
    return _default_decoder.decode(s)
  File "C:\Python35\lib\json\decoder.py", line 339, in decode
    obj, end = self.raw_decode(s, idx=_w(s, 0).end())
  File "C:\Python35\lib\json\decoder.py", line 357, in raw_decode
    raise JSONDecodeError("Expecting value", s, err.value) from None
json.decoder.JSONDecodeError: Expecting value: line 1 column 1 (char 0)
2017/07/17 02:11:56 PM smallgame.py[line:51] ERROR Expecting value: line 1 column 1 (char 0)
Traceback (most recent call last):
  File "E:\script\ÈÕ³£½Å±¾\smallgame.py", line 49, in bet2
    logging.info('join{}'.format(res.json()))
  File "C:\Python35\lib\site-packages\requests\models.py", line 894, in json
    return complexjson.loads(self.text, **kwargs)
  File "C:\Python35\lib\json\__init__.py", line 319, in loads
    return _default_decoder.decode(s)
  File "C:\Python35\lib\json\decoder.py", line 339, in decode
    obj, end = self.raw_decode(s, idx=_w(s, 0).end())
  File "C:\Python35\lib\json\decoder.py", line 357, in raw_decode
    raise JSONDecodeError("Expecting value", s, err.value) from None
json.decoder.JSONDecodeError: Expecting value: line 1 column 1 (char 0)
2017/07/17 02:11:56 PM smallgame.py[line:51] ERROR Expecting value: line 1 column 1 (char 0)
Traceback (most recent call last):
  File "E:\script\ÈÕ³£½Å±¾\smallgame.py", line 49, in bet2
    logging.info('join{}'.format(res.json()))
  File "C:\Python35\lib\site-packages\requests\models.py", line 894, in json
    return complexjson.loads(self.text, **kwargs)
  File "C:\Python35\lib\json\__init__.py", line 319, in loads
    return _default_decoder.decode(s)
  File "C:\Python35\lib\json\decoder.py", line 339, in decode
    obj, end = self.raw_decode(s, idx=_w(s, 0).end())
  File "C:\Python35\lib\json\decoder.py", line 357, in raw_decode
    raise JSONDecodeError("Expecting value", s, err.value) from None
json.decoder.JSONDecodeError: Expecting value: line 1 column 1 (char 0)
2017/07/17 02:11:56 PM smallgame.py[line:51] ERROR Expecting value: line 1 column 1 (char 0)
Traceback (most recent call last):
  File "E:\script\ÈÕ³£½Å±¾\smallgame.py", line 49, in bet2
    logging.info('join{}'.format(res.json()))
  File "C:\Python35\lib\site-packages\requests\models.py", line 894, in json
    return complexjson.loads(self.text, **kwargs)
  File "C:\Python35\lib\json\__init__.py", line 319, in loads
    return _default_decoder.decode(s)
  File "C:\Python35\lib\json\decoder.py", line 339, in decode
    obj, end = self.raw_decode(s, idx=_w(s, 0).end())
  File "C:\Python35\lib\json\decoder.py", line 357, in raw_decode
    raise JSONDecodeError("Expecting value", s, err.value) from None
json.decoder.JSONDecodeError: Expecting value: line 1 column 1 (char 0)
2017/07/17 02:11:56 PM smallgame.py[line:51] ERROR Expecting value: line 1 column 1 (char 0)
Traceback (most recent call last):
  File "E:\script\ÈÕ³£½Å±¾\smallgame.py", line 49, in bet2
    logging.info('join{}'.format(res.json()))
  File "C:\Python35\lib\site-packages\requests\models.py", line 894, in json
    return complexjson.loads(self.text, **kwargs)
  File "C:\Python35\lib\json\__init__.py", line 319, in loads
    return _default_decoder.decode(s)
  File "C:\Python35\lib\json\decoder.py", line 339, in decode
    obj, end = self.raw_decode(s, idx=_w(s, 0).end())
  File "C:\Python35\lib\json\decoder.py", line 357, in raw_decode
    raise JSONDecodeError("Expecting value", s, err.value) from None
json.decoder.JSONDecodeError: Expecting value: line 1 column 1 (char 0)
2017/07/17 02:11:56 PM smallgame.py[line:51] ERROR Expecting value: line 1 column 1 (char 0)
Traceback (most recent call last):
  File "E:\script\ÈÕ³£½Å±¾\smallgame.py", line 49, in bet2
    logging.info('join{}'.format(res.json()))
  File "C:\Python35\lib\site-packages\requests\models.py", line 894, in json
    return complexjson.loads(self.text, **kwargs)
  File "C:\Python35\lib\json\__init__.py", line 319, in loads
    return _default_decoder.decode(s)
  File "C:\Python35\lib\json\decoder.py", line 339, in decode
    obj, end = self.raw_decode(s, idx=_w(s, 0).end())
  File "C:\Python35\lib\json\decoder.py", line 357, in raw_decode
    raise JSONDecodeError("Expecting value", s, err.value) from None
json.decoder.JSONDecodeError: Expecting value: line 1 column 1 (char 0)
2017/07/17 02:11:56 PM smallgame.py[line:51] ERROR Expecting value: line 1 column 1 (char 0)
Traceback (most recent call last):
  File "E:\script\ÈÕ³£½Å±¾\smallgame.py", line 49, in bet2
    logging.info('join{}'.format(res.json()))
  File "C:\Python35\lib\site-packages\requests\models.py", line 894, in json
    return complexjson.loads(self.text, **kwargs)
  File "C:\Python35\lib\json\__init__.py", line 319, in loads
    return _default_decoder.decode(s)
  File "C:\Python35\lib\json\decoder.py", line 339, in decode
    obj, end = self.raw_decode(s, idx=_w(s, 0).end())
  File "C:\Python35\lib\json\decoder.py", line 357, in raw_decode
    raise JSONDecodeError("Expecting value", s, err.value) from None
json.decoder.JSONDecodeError: Expecting value: line 1 column 1 (char 0)
2017/07/17 02:11:56 PM smallgame.py[line:51] ERROR Expecting value: line 1 column 1 (char 0)
Traceback (most recent call last):
  File "E:\script\ÈÕ³£½Å±¾\smallgame.py", line 49, in bet2
    logging.info('join{}'.format(res.json()))
  File "C:\Python35\lib\site-packages\requests\models.py", line 894, in json
    return complexjson.loads(self.text, **kwargs)
  File "C:\Python35\lib\json\__init__.py", line 319, in loads
    return _default_decoder.decode(s)
  File "C:\Python35\lib\json\decoder.py", line 339, in decode
    obj, end = self.raw_decode(s, idx=_w(s, 0).end())
  File "C:\Python35\lib\json\decoder.py", line 357, in raw_decode
    raise JSONDecodeError("Expecting value", s, err.value) from None
json.decoder.JSONDecodeError: Expecting value: line 1 column 1 (char 0)
2017/07/17 02:11:56 PM smallgame.py[line:51] ERROR Expecting value: line 1 column 1 (char 0)
Traceback (most recent call last):
  File "E:\script\ÈÕ³£½Å±¾\smallgame.py", line 49, in bet2
    logging.info('join{}'.format(res.json()))
  File "C:\Python35\lib\site-packages\requests\models.py", line 894, in json
    return complexjson.loads(self.text, **kwargs)
  File "C:\Python35\lib\json\__init__.py", line 319, in loads
    return _default_decoder.decode(s)
  File "C:\Python35\lib\json\decoder.py", line 339, in decode
    obj, end = self.raw_decode(s, idx=_w(s, 0).end())
  File "C:\Python35\lib\json\decoder.py", line 357, in raw_decode
    raise JSONDecodeError("Expecting value", s, err.value) from None
json.decoder.JSONDecodeError: Expecting value: line 1 column 1 (char 0)
2017/07/17 02:11:56 PM smallgame.py[line:51] ERROR Expecting value: line 1 column 1 (char 0)
Traceback (most recent call last):
  File "E:\script\ÈÕ³£½Å±¾\smallgame.py", line 49, in bet2
    logging.info('join{}'.format(res.json()))
  File "C:\Python35\lib\site-packages\requests\models.py", line 894, in json
    return complexjson.loads(self.text, **kwargs)
  File "C:\Python35\lib\json\__init__.py", line 319, in loads
    return _default_decoder.decode(s)
  File "C:\Python35\lib\json\decoder.py", line 339, in decode
    obj, end = self.raw_decode(s, idx=_w(s, 0).end())
  File "C:\Python35\lib\json\decoder.py", line 357, in raw_decode
    raise JSONDecodeError("Expecting value", s, err.value) from None
json.decoder.JSONDecodeError: Expecting value: line 1 column 1 (char 0)
2017/07/17 02:11:56 PM smallgame.py[line:51] ERROR Expecting value: line 1 column 1 (char 0)
Traceback (most recent call last):
  File "E:\script\ÈÕ³£½Å±¾\smallgame.py", line 49, in bet2
    logging.info('join{}'.format(res.json()))
  File "C:\Python35\lib\site-packages\requests\models.py", line 894, in json
    return complexjson.loads(self.text, **kwargs)
  File "C:\Python35\lib\json\__init__.py", line 319, in loads
    return _default_decoder.decode(s)
  File "C:\Python35\lib\json\decoder.py", line 339, in decode
    obj, end = self.raw_decode(s, idx=_w(s, 0).end())
  File "C:\Python35\lib\json\decoder.py", line 357, in raw_decode
    raise JSONDecodeError("Expecting value", s, err.value) from None
json.decoder.JSONDecodeError: Expecting value: line 1 column 1 (char 0)
2017/07/17 02:11:56 PM smallgame.py[line:51] ERROR Expecting value: line 1 column 1 (char 0)
Traceback (most recent call last):
  File "E:\script\ÈÕ³£½Å±¾\smallgame.py", line 49, in bet2
    logging.info('join{}'.format(res.json()))
  File "C:\Python35\lib\site-packages\requests\models.py", line 894, in json
    return complexjson.loads(self.text, **kwargs)
  File "C:\Python35\lib\json\__init__.py", line 319, in loads
    return _default_decoder.decode(s)
  File "C:\Python35\lib\json\decoder.py", line 339, in decode
    obj, end = self.raw_decode(s, idx=_w(s, 0).end())
  File "C:\Python35\lib\json\decoder.py", line 357, in raw_decode
    raise JSONDecodeError("Expecting value", s, err.value) from None
json.decoder.JSONDecodeError: Expecting value: line 1 column 1 (char 0)
2017/07/17 02:11:56 PM smallgame.py[line:51] ERROR Expecting value: line 1 column 1 (char 0)
Traceback (most recent call last):
  File "E:\script\ÈÕ³£½Å±¾\smallgame.py", line 49, in bet2
    logging.info('join{}'.format(res.json()))
  File "C:\Python35\lib\site-packages\requests\models.py", line 894, in json
    return complexjson.loads(self.text, **kwargs)
  File "C:\Python35\lib\json\__init__.py", line 319, in loads
    return _default_decoder.decode(s)
  File "C:\Python35\lib\json\decoder.py", line 339, in decode
    obj, end = self.raw_decode(s, idx=_w(s, 0).end())
  File "C:\Python35\lib\json\decoder.py", line 357, in raw_decode
    raise JSONDecodeError("Expecting value", s, err.value) from None
json.decoder.JSONDecodeError: Expecting value: line 1 column 1 (char 0)
2017/07/17 02:11:56 PM smallgame.py[line:51] ERROR Expecting value: line 1 column 1 (char 0)
Traceback (most recent call last):
  File "E:\script\ÈÕ³£½Å±¾\smallgame.py", line 49, in bet2
    logging.info('join{}'.format(res.json()))
  File "C:\Python35\lib\site-packages\requests\models.py", line 894, in json
    return complexjson.loads(self.text, **kwargs)
  File "C:\Python35\lib\json\__init__.py", line 319, in loads
    return _default_decoder.decode(s)
  File "C:\Python35\lib\json\decoder.py", line 339, in decode
    obj, end = self.raw_decode(s, idx=_w(s, 0).end())
  File "C:\Python35\lib\json\decoder.py", line 357, in raw_decode
    raise JSONDecodeError("Expecting value", s, err.value) from None
json.decoder.JSONDecodeError: Expecting value: line 1 column 1 (char 0)
2017/07/17 02:11:56 PM smallgame.py[line:51] ERROR Expecting value: line 1 column 1 (char 0)
Traceback (most recent call last):
  File "E:\script\ÈÕ³£½Å±¾\smallgame.py", line 49, in bet2
    logging.info('join{}'.format(res.json()))
  File "C:\Python35\lib\site-packages\requests\models.py", line 894, in json
    return complexjson.loads(self.text, **kwargs)
  File "C:\Python35\lib\json\__init__.py", line 319, in loads
    return _default_decoder.decode(s)
  File "C:\Python35\lib\json\decoder.py", line 339, in decode
    obj, end = self.raw_decode(s, idx=_w(s, 0).end())
  File "C:\Python35\lib\json\decoder.py", line 357, in raw_decode
    raise JSONDecodeError("Expecting value", s, err.value) from None
json.decoder.JSONDecodeError: Expecting value: line 1 column 1 (char 0)
2017/07/17 02:11:56 PM smallgame.py[line:51] ERROR Expecting value: line 1 column 1 (char 0)
Traceback (most recent call last):
  File "E:\script\ÈÕ³£½Å±¾\smallgame.py", line 49, in bet2
    logging.info('join{}'.format(res.json()))
  File "C:\Python35\lib\site-packages\requests\models.py", line 894, in json
    return complexjson.loads(self.text, **kwargs)
  File "C:\Python35\lib\json\__init__.py", line 319, in loads
    return _default_decoder.decode(s)
  File "C:\Python35\lib\json\decoder.py", line 339, in decode
    obj, end = self.raw_decode(s, idx=_w(s, 0).end())
  File "C:\Python35\lib\json\decoder.py", line 357, in raw_decode
    raise JSONDecodeError("Expecting value", s, err.value) from None
json.decoder.JSONDecodeError: Expecting value: line 1 column 1 (char 0)
2017/07/17 02:11:56 PM smallgame.py[line:51] ERROR Expecting value: line 1 column 1 (char 0)
Traceback (most recent call last):
  File "E:\script\ÈÕ³£½Å±¾\smallgame.py", line 49, in bet2
    logging.info('join{}'.format(res.json()))
  File "C:\Python35\lib\site-packages\requests\models.py", line 894, in json
    return complexjson.loads(self.text, **kwargs)
  File "C:\Python35\lib\json\__init__.py", line 319, in loads
    return _default_decoder.decode(s)
  File "C:\Python35\lib\json\decoder.py", line 339, in decode
    obj, end = self.raw_decode(s, idx=_w(s, 0).end())
  File "C:\Python35\lib\json\decoder.py", line 357, in raw_decode
    raise JSONDecodeError("Expecting value", s, err.value) from None
json.decoder.JSONDecodeError: Expecting value: line 1 column 1 (char 0)
2017/07/17 02:11:56 PM smallgame.py[line:51] ERROR Expecting value: line 1 column 1 (char 0)
Traceback (most recent call last):
  File "E:\script\ÈÕ³£½Å±¾\smallgame.py", line 49, in bet2
    logging.info('join{}'.format(res.json()))
  File "C:\Python35\lib\site-packages\requests\models.py", line 894, in json
    return complexjson.loads(self.text, **kwargs)
  File "C:\Python35\lib\json\__init__.py", line 319, in loads
    return _default_decoder.decode(s)
  File "C:\Python35\lib\json\decoder.py", line 339, in decode
    obj, end = self.raw_decode(s, idx=_w(s, 0).end())
  File "C:\Python35\lib\json\decoder.py", line 357, in raw_decode
    raise JSONDecodeError("Expecting value", s, err.value) from None
json.decoder.JSONDecodeError: Expecting value: line 1 column 1 (char 0)
2017/07/17 02:11:56 PM smallgame.py[line:51] ERROR Expecting value: line 1 column 1 (char 0)
Traceback (most recent call last):
  File "E:\script\ÈÕ³£½Å±¾\smallgame.py", line 49, in bet2
    logging.info('join{}'.format(res.json()))
  File "C:\Python35\lib\site-packages\requests\models.py", line 894, in json
    return complexjson.loads(self.text, **kwargs)
  File "C:\Python35\lib\json\__init__.py", line 319, in loads
    return _default_decoder.decode(s)
  File "C:\Python35\lib\json\decoder.py", line 339, in decode
    obj, end = self.raw_decode(s, idx=_w(s, 0).end())
  File "C:\Python35\lib\json\decoder.py", line 357, in raw_decode
    raise JSONDecodeError("Expecting value", s, err.value) from None
json.decoder.JSONDecodeError: Expecting value: line 1 column 1 (char 0)
2017/07/17 02:11:56 PM smallgame.py[line:51] ERROR Expecting value: line 1 column 1 (char 0)
Traceback (most recent call last):
  File "E:\script\ÈÕ³£½Å±¾\smallgame.py", line 49, in bet2
    logging.info('join{}'.format(res.json()))
  File "C:\Python35\lib\site-packages\requests\models.py", line 894, in json
    return complexjson.loads(self.text, **kwargs)
  File "C:\Python35\lib\json\__init__.py", line 319, in loads
    return _default_decoder.decode(s)
  File "C:\Python35\lib\json\decoder.py", line 339, in decode
    obj, end = self.raw_decode(s, idx=_w(s, 0).end())
  File "C:\Python35\lib\json\decoder.py", line 357, in raw_decode
    raise JSONDecodeError("Expecting value", s, err.value) from None
json.decoder.JSONDecodeError: Expecting value: line 1 column 1 (char 0)
2017/07/17 02:11:56 PM smallgame.py[line:51] ERROR Expecting value: line 1 column 1 (char 0)
Traceback (most recent call last):
  File "E:\script\ÈÕ³£½Å±¾\smallgame.py", line 49, in bet2
    logging.info('join{}'.format(res.json()))
  File "C:\Python35\lib\site-packages\requests\models.py", line 894, in json
    return complexjson.loads(self.text, **kwargs)
  File "C:\Python35\lib\json\__init__.py", line 319, in loads
    return _default_decoder.decode(s)
  File "C:\Python35\lib\json\decoder.py", line 339, in decode
    obj, end = self.raw_decode(s, idx=_w(s, 0).end())
  File "C:\Python35\lib\json\decoder.py", line 357, in raw_decode
    raise JSONDecodeError("Expecting value", s, err.value) from None
json.decoder.JSONDecodeError: Expecting value: line 1 column 1 (char 0)
2017/07/17 02:11:56 PM smallgame.py[line:51] ERROR Expecting value: line 1 column 1 (char 0)
Traceback (most recent call last):
  File "E:\script\ÈÕ³£½Å±¾\smallgame.py", line 49, in bet2
    logging.info('join{}'.format(res.json()))
  File "C:\Python35\lib\site-packages\requests\models.py", line 894, in json
    return complexjson.loads(self.text, **kwargs)
  File "C:\Python35\lib\json\__init__.py", line 319, in loads
    return _default_decoder.decode(s)
  File "C:\Python35\lib\json\decoder.py", line 339, in decode
    obj, end = self.raw_decode(s, idx=_w(s, 0).end())
  File "C:\Python35\lib\json\decoder.py", line 357, in raw_decode
    raise JSONDecodeError("Expecting value", s, err.value) from None
json.decoder.JSONDecodeError: Expecting value: line 1 column 1 (char 0)
2017/07/17 02:11:56 PM smallgame.py[line:51] ERROR Expecting value: line 1 column 1 (char 0)
Traceback (most recent call last):
  File "E:\script\ÈÕ³£½Å±¾\smallgame.py", line 49, in bet2
    logging.info('join{}'.format(res.json()))
  File "C:\Python35\lib\site-packages\requests\models.py", line 894, in json
    return complexjson.loads(self.text, **kwargs)
  File "C:\Python35\lib\json\__init__.py", line 319, in loads
    return _default_decoder.decode(s)
  File "C:\Python35\lib\json\decoder.py", line 339, in decode
    obj, end = self.raw_decode(s, idx=_w(s, 0).end())
  File "C:\Python35\lib\json\decoder.py", line 357, in raw_decode
    raise JSONDecodeError("Expecting value", s, err.value) from None
json.decoder.JSONDecodeError: Expecting value: line 1 column 1 (char 0)
2017/07/17 02:11:56 PM smallgame.py[line:51] ERROR Expecting value: line 1 column 1 (char 0)
Traceback (most recent call last):
  File "E:\script\ÈÕ³£½Å±¾\smallgame.py", line 49, in bet2
    logging.info('join{}'.format(res.json()))
  File "C:\Python35\lib\site-packages\requests\models.py", line 894, in json
    return complexjson.loads(self.text, **kwargs)
  File "C:\Python35\lib\json\__init__.py", line 319, in loads
    return _default_decoder.decode(s)
  File "C:\Python35\lib\json\decoder.py", line 339, in decode
    obj, end = self.raw_decode(s, idx=_w(s, 0).end())
  File "C:\Python35\lib\json\decoder.py", line 357, in raw_decode
    raise JSONDecodeError("Expecting value", s, err.value) from None
json.decoder.JSONDecodeError: Expecting value: line 1 column 1 (char 0)
2017/07/17 02:11:56 PM smallgame.py[line:51] ERROR Expecting value: line 1 column 1 (char 0)
Traceback (most recent call last):
  File "E:\script\ÈÕ³£½Å±¾\smallgame.py", line 49, in bet2
    logging.info('join{}'.format(res.json()))
  File "C:\Python35\lib\site-packages\requests\models.py", line 894, in json
    return complexjson.loads(self.text, **kwargs)
  File "C:\Python35\lib\json\__init__.py", line 319, in loads
    return _default_decoder.decode(s)
  File "C:\Python35\lib\json\decoder.py", line 339, in decode
    obj, end = self.raw_decode(s, idx=_w(s, 0).end())
  File "C:\Python35\lib\json\decoder.py", line 357, in raw_decode
    raise JSONDecodeError("Expecting value", s, err.value) from None
json.decoder.JSONDecodeError: Expecting value: line 1 column 1 (char 0)
2017/07/17 02:11:56 PM smallgame.py[line:51] ERROR Expecting value: line 1 column 1 (char 0)
Traceback (most recent call last):
  File "E:\script\ÈÕ³£½Å±¾\smallgame.py", line 49, in bet2
    logging.info('join{}'.format(res.json()))
  File "C:\Python35\lib\site-packages\requests\models.py", line 894, in json
    return complexjson.loads(self.text, **kwargs)
  File "C:\Python35\lib\json\__init__.py", line 319, in loads
    return _default_decoder.decode(s)
  File "C:\Python35\lib\json\decoder.py", line 339, in decode
    obj, end = self.raw_decode(s, idx=_w(s, 0).end())
  File "C:\Python35\lib\json\decoder.py", line 357, in raw_decode
    raise JSONDecodeError("Expecting value", s, err.value) from None
json.decoder.JSONDecodeError: Expecting value: line 1 column 1 (char 0)
2017/07/17 02:11:56 PM smallgame.py[line:51] ERROR Expecting value: line 1 column 1 (char 0)
Traceback (most recent call last):
  File "E:\script\ÈÕ³£½Å±¾\smallgame.py", line 49, in bet2
    logging.info('join{}'.format(res.json()))
  File "C:\Python35\lib\site-packages\requests\models.py", line 894, in json
    return complexjson.loads(self.text, **kwargs)
  File "C:\Python35\lib\json\__init__.py", line 319, in loads
    return _default_decoder.decode(s)
  File "C:\Python35\lib\json\decoder.py", line 339, in decode
    obj, end = self.raw_decode(s, idx=_w(s, 0).end())
  File "C:\Python35\lib\json\decoder.py", line 357, in raw_decode
    raise JSONDecodeError("Expecting value", s, err.value) from None
json.decoder.JSONDecodeError: Expecting value: line 1 column 1 (char 0)
2017/07/17 02:11:56 PM smallgame.py[line:51] ERROR Expecting value: line 1 column 1 (char 0)
Traceback (most recent call last):
  File "E:\script\ÈÕ³£½Å±¾\smallgame.py", line 49, in bet2
    logging.info('join{}'.format(res.json()))
  File "C:\Python35\lib\site-packages\requests\models.py", line 894, in json
    return complexjson.loads(self.text, **kwargs)
  File "C:\Python35\lib\json\__init__.py", line 319, in loads
    return _default_decoder.decode(s)
  File "C:\Python35\lib\json\decoder.py", line 339, in decode
    obj, end = self.raw_decode(s, idx=_w(s, 0).end())
  File "C:\Python35\lib\json\decoder.py", line 357, in raw_decode
    raise JSONDecodeError("Expecting value", s, err.value) from None
json.decoder.JSONDecodeError: Expecting value: line 1 column 1 (char 0)
2017/07/17 02:11:56 PM smallgame.py[line:51] ERROR Expecting value: line 1 column 1 (char 0)
Traceback (most recent call last):
  File "E:\script\ÈÕ³£½Å±¾\smallgame.py", line 49, in bet2
    logging.info('join{}'.format(res.json()))
  File "C:\Python35\lib\site-packages\requests\models.py", line 894, in json
    return complexjson.loads(self.text, **kwargs)
  File "C:\Python35\lib\json\__init__.py", line 319, in loads
    return _default_decoder.decode(s)
  File "C:\Python35\lib\json\decoder.py", line 339, in decode
    obj, end = self.raw_decode(s, idx=_w(s, 0).end())
  File "C:\Python35\lib\json\decoder.py", line 357, in raw_decode
    raise JSONDecodeError("Expecting value", s, err.value) from None
json.decoder.JSONDecodeError: Expecting value: line 1 column 1 (char 0)
2017/07/17 02:11:56 PM smallgame.py[line:51] ERROR Expecting value: line 1 column 1 (char 0)
Traceback (most recent call last):
  File "E:\script\ÈÕ³£½Å±¾\smallgame.py", line 49, in bet2
    logging.info('join{}'.format(res.json()))
  File "C:\Python35\lib\site-packages\requests\models.py", line 894, in json
    return complexjson.loads(self.text, **kwargs)
  File "C:\Python35\lib\json\__init__.py", line 319, in loads
    return _default_decoder.decode(s)
  File "C:\Python35\lib\json\decoder.py", line 339, in decode
    obj, end = self.raw_decode(s, idx=_w(s, 0).end())
  File "C:\Python35\lib\json\decoder.py", line 357, in raw_decode
    raise JSONDecodeError("Expecting value", s, err.value) from None
json.decoder.JSONDecodeError: Expecting value: line 1 column 1 (char 0)
2017/07/17 02:11:56 PM smallgame.py[line:51] ERROR Expecting value: line 1 column 1 (char 0)
Traceback (most recent call last):
  File "E:\script\ÈÕ³£½Å±¾\smallgame.py", line 49, in bet2
    logging.info('join{}'.format(res.json()))
  File "C:\Python35\lib\site-packages\requests\models.py", line 894, in json
    return complexjson.loads(self.text, **kwargs)
  File "C:\Python35\lib\json\__init__.py", line 319, in loads
    return _default_decoder.decode(s)
  File "C:\Python35\lib\json\decoder.py", line 339, in decode
    obj, end = self.raw_decode(s, idx=_w(s, 0).end())
  File "C:\Python35\lib\json\decoder.py", line 357, in raw_decode
    raise JSONDecodeError("Expecting value", s, err.value) from None
json.decoder.JSONDecodeError: Expecting value: line 1 column 1 (char 0)
2017/07/17 02:11:56 PM smallgame.py[line:51] ERROR Expecting value: line 1 column 1 (char 0)
Traceback (most recent call last):
  File "E:\script\ÈÕ³£½Å±¾\smallgame.py", line 49, in bet2
    logging.info('join{}'.format(res.json()))
  File "C:\Python35\lib\site-packages\requests\models.py", line 894, in json
    return complexjson.loads(self.text, **kwargs)
  File "C:\Python35\lib\json\__init__.py", line 319, in loads
    return _default_decoder.decode(s)
  File "C:\Python35\lib\json\decoder.py", line 339, in decode
    obj, end = self.raw_decode(s, idx=_w(s, 0).end())
  File "C:\Python35\lib\json\decoder.py", line 357, in raw_decode
    raise JSONDecodeError("Expecting value", s, err.value) from None
json.decoder.JSONDecodeError: Expecting value: line 1 column 1 (char 0)
2017/07/17 02:11:56 PM smallgame.py[line:51] ERROR Expecting value: line 1 column 1 (char 0)
Traceback (most recent call last):
  File "E:\script\ÈÕ³£½Å±¾\smallgame.py", line 49, in bet2
    logging.info('join{}'.format(res.json()))
  File "C:\Python35\lib\site-packages\requests\models.py", line 894, in json
    return complexjson.loads(self.text, **kwargs)
  File "C:\Python35\lib\json\__init__.py", line 319, in loads
    return _default_decoder.decode(s)
  File "C:\Python35\lib\json\decoder.py", line 339, in decode
    obj, end = self.raw_decode(s, idx=_w(s, 0).end())
  File "C:\Python35\lib\json\decoder.py", line 357, in raw_decode
    raise JSONDecodeError("Expecting value", s, err.value) from None
json.decoder.JSONDecodeError: Expecting value: line 1 column 1 (char 0)
2017/07/17 02:11:56 PM smallgame.py[line:51] ERROR Expecting value: line 1 column 1 (char 0)
Traceback (most recent call last):
  File "E:\script\ÈÕ³£½Å±¾\smallgame.py", line 49, in bet2
    logging.info('join{}'.format(res.json()))
  File "C:\Python35\lib\site-packages\requests\models.py", line 894, in json
    return complexjson.loads(self.text, **kwargs)
  File "C:\Python35\lib\json\__init__.py", line 319, in loads
    return _default_decoder.decode(s)
  File "C:\Python35\lib\json\decoder.py", line 339, in decode
    obj, end = self.raw_decode(s, idx=_w(s, 0).end())
  File "C:\Python35\lib\json\decoder.py", line 357, in raw_decode
    raise JSONDecodeError("Expecting value", s, err.value) from None
json.decoder.JSONDecodeError: Expecting value: line 1 column 1 (char 0)
2017/07/17 02:11:56 PM smallgame.py[line:51] ERROR Expecting value: line 1 column 1 (char 0)
Traceback (most recent call last):
  File "E:\script\ÈÕ³£½Å±¾\smallgame.py", line 49, in bet2
    logging.info('join{}'.format(res.json()))
  File "C:\Python35\lib\site-packages\requests\models.py", line 894, in json
    return complexjson.loads(self.text, **kwargs)
  File "C:\Python35\lib\json\__init__.py", line 319, in loads
    return _default_decoder.decode(s)
  File "C:\Python35\lib\json\decoder.py", line 339, in decode
    obj, end = self.raw_decode(s, idx=_w(s, 0).end())
  File "C:\Python35\lib\json\decoder.py", line 357, in raw_decode
    raise JSONDecodeError("Expecting value", s, err.value) from None
json.decoder.JSONDecodeError: Expecting value: line 1 column 1 (char 0)
2017/07/17 02:11:56 PM smallgame.py[line:51] ERROR Expecting value: line 1 column 1 (char 0)
Traceback (most recent call last):
  File "E:\script\ÈÕ³£½Å±¾\smallgame.py", line 49, in bet2
    logging.info('join{}'.format(res.json()))
  File "C:\Python35\lib\site-packages\requests\models.py", line 894, in json
    return complexjson.loads(self.text, **kwargs)
  File "C:\Python35\lib\json\__init__.py", line 319, in loads
    return _default_decoder.decode(s)
  File "C:\Python35\lib\json\decoder.py", line 339, in decode
    obj, end = self.raw_decode(s, idx=_w(s, 0).end())
  File "C:\Python35\lib\json\decoder.py", line 357, in raw_decode
    raise JSONDecodeError("Expecting value", s, err.value) from None
json.decoder.JSONDecodeError: Expecting value: line 1 column 1 (char 0)
2017/07/17 02:11:56 PM smallgame.py[line:51] ERROR Expecting value: line 1 column 1 (char 0)
Traceback (most recent call last):
  File "E:\script\ÈÕ³£½Å±¾\smallgame.py", line 49, in bet2
    logging.info('join{}'.format(res.json()))
  File "C:\Python35\lib\site-packages\requests\models.py", line 894, in json
    return complexjson.loads(self.text, **kwargs)
  File "C:\Python35\lib\json\__init__.py", line 319, in loads
    return _default_decoder.decode(s)
  File "C:\Python35\lib\json\decoder.py", line 339, in decode
    obj, end = self.raw_decode(s, idx=_w(s, 0).end())
  File "C:\Python35\lib\json\decoder.py", line 357, in raw_decode
    raise JSONDecodeError("Expecting value", s, err.value) from None
json.decoder.JSONDecodeError: Expecting value: line 1 column 1 (char 0)
2017/07/17 02:11:56 PM smallgame.py[line:51] ERROR Expecting value: line 1 column 1 (char 0)
Traceback (most recent call last):
  File "E:\script\ÈÕ³£½Å±¾\smallgame.py", line 49, in bet2
    logging.info('join{}'.format(res.json()))
  File "C:\Python35\lib\site-packages\requests\models.py", line 894, in json
    return complexjson.loads(self.text, **kwargs)
  File "C:\Python35\lib\json\__init__.py", line 319, in loads
    return _default_decoder.decode(s)
  File "C:\Python35\lib\json\decoder.py", line 339, in decode
    obj, end = self.raw_decode(s, idx=_w(s, 0).end())
  File "C:\Python35\lib\json\decoder.py", line 357, in raw_decode
    raise JSONDecodeError("Expecting value", s, err.value) from None
json.decoder.JSONDecodeError: Expecting value: line 1 column 1 (char 0)
2017/07/17 02:11:56 PM smallgame.py[line:51] ERROR Expecting value: line 1 column 1 (char 0)
Traceback (most recent call last):
  File "E:\script\ÈÕ³£½Å±¾\smallgame.py", line 49, in bet2
    logging.info('join{}'.format(res.json()))
  File "C:\Python35\lib\site-packages\requests\models.py", line 894, in json
    return complexjson.loads(self.text, **kwargs)
  File "C:\Python35\lib\json\__init__.py", line 319, in loads
    return _default_decoder.decode(s)
  File "C:\Python35\lib\json\decoder.py", line 339, in decode
    obj, end = self.raw_decode(s, idx=_w(s, 0).end())
  File "C:\Python35\lib\json\decoder.py", line 357, in raw_decode
    raise JSONDecodeError("Expecting value", s, err.value) from None
json.decoder.JSONDecodeError: Expecting value: line 1 column 1 (char 0)
2017/07/17 02:11:56 PM smallgame.py[line:51] ERROR Expecting value: line 1 column 1 (char 0)
Traceback (most recent call last):
  File "E:\script\ÈÕ³£½Å±¾\smallgame.py", line 49, in bet2
    logging.info('join{}'.format(res.json()))
  File "C:\Python35\lib\site-packages\requests\models.py", line 894, in json
    return complexjson.loads(self.text, **kwargs)
  File "C:\Python35\lib\json\__init__.py", line 319, in loads
    return _default_decoder.decode(s)
  File "C:\Python35\lib\json\decoder.py", line 339, in decode
    obj, end = self.raw_decode(s, idx=_w(s, 0).end())
  File "C:\Python35\lib\json\decoder.py", line 357, in raw_decode
    raise JSONDecodeError("Expecting value", s, err.value) from None
json.decoder.JSONDecodeError: Expecting value: line 1 column 1 (char 0)
2017/07/17 02:11:56 PM smallgame.py[line:51] ERROR Expecting value: line 1 column 1 (char 0)
Traceback (most recent call last):
  File "E:\script\ÈÕ³£½Å±¾\smallgame.py", line 49, in bet2
    logging.info('join{}'.format(res.json()))
  File "C:\Python35\lib\site-packages\requests\models.py", line 894, in json
    return complexjson.loads(self.text, **kwargs)
  File "C:\Python35\lib\json\__init__.py", line 319, in loads
    return _default_decoder.decode(s)
  File "C:\Python35\lib\json\decoder.py", line 339, in decode
    obj, end = self.raw_decode(s, idx=_w(s, 0).end())
  File "C:\Python35\lib\json\decoder.py", line 357, in raw_decode
    raise JSONDecodeError("Expecting value", s, err.value) from None
json.decoder.JSONDecodeError: Expecting value: line 1 column 1 (char 0)
2017/07/17 02:11:56 PM smallgame.py[line:51] ERROR Expecting value: line 1 column 1 (char 0)
Traceback (most recent call last):
  File "E:\script\ÈÕ³£½Å±¾\smallgame.py", line 49, in bet2
    logging.info('join{}'.format(res.json()))
  File "C:\Python35\lib\site-packages\requests\models.py", line 894, in json
    return complexjson.loads(self.text, **kwargs)
  File "C:\Python35\lib\json\__init__.py", line 319, in loads
    return _default_decoder.decode(s)
  File "C:\Python35\lib\json\decoder.py", line 339, in decode
    obj, end = self.raw_decode(s, idx=_w(s, 0).end())
  File "C:\Python35\lib\json\decoder.py", line 357, in raw_decode
    raise JSONDecodeError("Expecting value", s, err.value) from None
json.decoder.JSONDecodeError: Expecting value: line 1 column 1 (char 0)
2017/07/17 02:11:56 PM smallgame.py[line:51] ERROR Expecting value: line 1 column 1 (char 0)
Traceback (most recent call last):
  File "E:\script\ÈÕ³£½Å±¾\smallgame.py", line 49, in bet2
    logging.info('join{}'.format(res.json()))
  File "C:\Python35\lib\site-packages\requests\models.py", line 894, in json
    return complexjson.loads(self.text, **kwargs)
  File "C:\Python35\lib\json\__init__.py", line 319, in loads
    return _default_decoder.decode(s)
  File "C:\Python35\lib\json\decoder.py", line 339, in decode
    obj, end = self.raw_decode(s, idx=_w(s, 0).end())
  File "C:\Python35\lib\json\decoder.py", line 357, in raw_decode
    raise JSONDecodeError("Expecting value", s, err.value) from None
json.decoder.JSONDecodeError: Expecting value: line 1 column 1 (char 0)
2017/07/17 02:11:56 PM smallgame.py[line:51] ERROR Expecting value: line 1 column 1 (char 0)
Traceback (most recent call last):
  File "E:\script\ÈÕ³£½Å±¾\smallgame.py", line 49, in bet2
    logging.info('join{}'.format(res.json()))
  File "C:\Python35\lib\site-packages\requests\models.py", line 894, in json
    return complexjson.loads(self.text, **kwargs)
  File "C:\Python35\lib\json\__init__.py", line 319, in loads
    return _default_decoder.decode(s)
  File "C:\Python35\lib\json\decoder.py", line 339, in decode
    obj, end = self.raw_decode(s, idx=_w(s, 0).end())
  File "C:\Python35\lib\json\decoder.py", line 357, in raw_decode
    raise JSONDecodeError("Expecting value", s, err.value) from None
json.decoder.JSONDecodeError: Expecting value: line 1 column 1 (char 0)
2017/07/17 02:11:56 PM smallgame.py[line:51] ERROR Expecting value: line 1 column 1 (char 0)
Traceback (most recent call last):
  File "E:\script\ÈÕ³£½Å±¾\smallgame.py", line 49, in bet2
    logging.info('join{}'.format(res.json()))
  File "C:\Python35\lib\site-packages\requests\models.py", line 894, in json
    return complexjson.loads(self.text, **kwargs)
  File "C:\Python35\lib\json\__init__.py", line 319, in loads
    return _default_decoder.decode(s)
  File "C:\Python35\lib\json\decoder.py", line 339, in decode
    obj, end = self.raw_decode(s, idx=_w(s, 0).end())
  File "C:\Python35\lib\json\decoder.py", line 357, in raw_decode
    raise JSONDecodeError("Expecting value", s, err.value) from None
json.decoder.JSONDecodeError: Expecting value: line 1 column 1 (char 0)
2017/07/17 02:11:56 PM smallgame.py[line:51] ERROR Expecting value: line 1 column 1 (char 0)
Traceback (most recent call last):
  File "E:\script\ÈÕ³£½Å±¾\smallgame.py", line 49, in bet2
    logging.info('join{}'.format(res.json()))
  File "C:\Python35\lib\site-packages\requests\models.py", line 894, in json
    return complexjson.loads(self.text, **kwargs)
  File "C:\Python35\lib\json\__init__.py", line 319, in loads
    return _default_decoder.decode(s)
  File "C:\Python35\lib\json\decoder.py", line 339, in decode
    obj, end = self.raw_decode(s, idx=_w(s, 0).end())
  File "C:\Python35\lib\json\decoder.py", line 357, in raw_decode
    raise JSONDecodeError("Expecting value", s, err.value) from None
json.decoder.JSONDecodeError: Expecting value: line 1 column 1 (char 0)
2017/07/17 02:11:56 PM smallgame.py[line:51] ERROR Expecting value: line 1 column 1 (char 0)
Traceback (most recent call last):
  File "E:\script\ÈÕ³£½Å±¾\smallgame.py", line 49, in bet2
    logging.info('join{}'.format(res.json()))
  File "C:\Python35\lib\site-packages\requests\models.py", line 894, in json
    return complexjson.loads(self.text, **kwargs)
  File "C:\Python35\lib\json\__init__.py", line 319, in loads
    return _default_decoder.decode(s)
  File "C:\Python35\lib\json\decoder.py", line 339, in decode
    obj, end = self.raw_decode(s, idx=_w(s, 0).end())
  File "C:\Python35\lib\json\decoder.py", line 357, in raw_decode
    raise JSONDecodeError("Expecting value", s, err.value) from None
json.decoder.JSONDecodeError: Expecting value: line 1 column 1 (char 0)
2017/07/17 02:11:56 PM smallgame.py[line:51] ERROR Expecting value: line 1 column 1 (char 0)
Traceback (most recent call last):
  File "E:\script\ÈÕ³£½Å±¾\smallgame.py", line 49, in bet2
    logging.info('join{}'.format(res.json()))
  File "C:\Python35\lib\site-packages\requests\models.py", line 894, in json
    return complexjson.loads(self.text, **kwargs)
  File "C:\Python35\lib\json\__init__.py", line 319, in loads
    return _default_decoder.decode(s)
  File "C:\Python35\lib\json\decoder.py", line 339, in decode
    obj, end = self.raw_decode(s, idx=_w(s, 0).end())
  File "C:\Python35\lib\json\decoder.py", line 357, in raw_decode
    raise JSONDecodeError("Expecting value", s, err.value) from None
json.decoder.JSONDecodeError: Expecting value: line 1 column 1 (char 0)
2017/07/17 02:11:56 PM smallgame.py[line:51] ERROR Expecting value: line 1 column 1 (char 0)
Traceback (most recent call last):
  File "E:\script\ÈÕ³£½Å±¾\smallgame.py", line 49, in bet2
    logging.info('join{}'.format(res.json()))
  File "C:\Python35\lib\site-packages\requests\models.py", line 894, in json
    return complexjson.loads(self.text, **kwargs)
  File "C:\Python35\lib\json\__init__.py", line 319, in loads
    return _default_decoder.decode(s)
  File "C:\Python35\lib\json\decoder.py", line 339, in decode
    obj, end = self.raw_decode(s, idx=_w(s, 0).end())
  File "C:\Python35\lib\json\decoder.py", line 357, in raw_decode
    raise JSONDecodeError("Expecting value", s, err.value) from None
json.decoder.JSONDecodeError: Expecting value: line 1 column 1 (char 0)
2017/07/17 02:11:56 PM smallgame.py[line:51] ERROR Expecting value: line 1 column 1 (char 0)
Traceback (most recent call last):
  File "E:\script\ÈÕ³£½Å±¾\smallgame.py", line 49, in bet2
    logging.info('join{}'.format(res.json()))
  File "C:\Python35\lib\site-packages\requests\models.py", line 894, in json
    return complexjson.loads(self.text, **kwargs)
  File "C:\Python35\lib\json\__init__.py", line 319, in loads
    return _default_decoder.decode(s)
  File "C:\Python35\lib\json\decoder.py", line 339, in decode
    obj, end = self.raw_decode(s, idx=_w(s, 0).end())
  File "C:\Python35\lib\json\decoder.py", line 357, in raw_decode
    raise JSONDecodeError("Expecting value", s, err.value) from None
json.decoder.JSONDecodeError: Expecting value: line 1 column 1 (char 0)
2017/07/17 02:11:56 PM smallgame.py[line:51] ERROR Expecting value: line 1 column 1 (char 0)
Traceback (most recent call last):
  File "E:\script\ÈÕ³£½Å±¾\smallgame.py", line 49, in bet2
    logging.info('join{}'.format(res.json()))
  File "C:\Python35\lib\site-packages\requests\models.py", line 894, in json
    return complexjson.loads(self.text, **kwargs)
  File "C:\Python35\lib\json\__init__.py", line 319, in loads
    return _default_decoder.decode(s)
  File "C:\Python35\lib\json\decoder.py", line 339, in decode
    obj, end = self.raw_decode(s, idx=_w(s, 0).end())
  File "C:\Python35\lib\json\decoder.py", line 357, in raw_decode
    raise JSONDecodeError("Expecting value", s, err.value) from None
json.decoder.JSONDecodeError: Expecting value: line 1 column 1 (char 0)
2017/07/17 02:11:56 PM smallgame.py[line:51] ERROR Expecting value: line 1 column 1 (char 0)
Traceback (most recent call last):
  File "E:\script\ÈÕ³£½Å±¾\smallgame.py", line 49, in bet2
    logging.info('join{}'.format(res.json()))
  File "C:\Python35\lib\site-packages\requests\models.py", line 894, in json
    return complexjson.loads(self.text, **kwargs)
  File "C:\Python35\lib\json\__init__.py", line 319, in loads
    return _default_decoder.decode(s)
  File "C:\Python35\lib\json\decoder.py", line 339, in decode
    obj, end = self.raw_decode(s, idx=_w(s, 0).end())
  File "C:\Python35\lib\json\decoder.py", line 357, in raw_decode
    raise JSONDecodeError("Expecting value", s, err.value) from None
json.decoder.JSONDecodeError: Expecting value: line 1 column 1 (char 0)
2017/07/17 02:11:56 PM smallgame.py[line:51] ERROR Expecting value: line 1 column 1 (char 0)
Traceback (most recent call last):
  File "E:\script\ÈÕ³£½Å±¾\smallgame.py", line 49, in bet2
    logging.info('join{}'.format(res.json()))
  File "C:\Python35\lib\site-packages\requests\models.py", line 894, in json
    return complexjson.loads(self.text, **kwargs)
  File "C:\Python35\lib\json\__init__.py", line 319, in loads
    return _default_decoder.decode(s)
  File "C:\Python35\lib\json\decoder.py", line 339, in decode
    obj, end = self.raw_decode(s, idx=_w(s, 0).end())
  File "C:\Python35\lib\json\decoder.py", line 357, in raw_decode
    raise JSONDecodeError("Expecting value", s, err.value) from None
json.decoder.JSONDecodeError: Expecting value: line 1 column 1 (char 0)
2017/07/17 02:11:56 PM smallgame.py[line:51] ERROR Expecting value: line 1 column 1 (char 0)
Traceback (most recent call last):
  File "E:\script\ÈÕ³£½Å±¾\smallgame.py", line 49, in bet2
    logging.info('join{}'.format(res.json()))
  File "C:\Python35\lib\site-packages\requests\models.py", line 894, in json
    return complexjson.loads(self.text, **kwargs)
  File "C:\Python35\lib\json\__init__.py", line 319, in loads
    return _default_decoder.decode(s)
  File "C:\Python35\lib\json\decoder.py", line 339, in decode
    obj, end = self.raw_decode(s, idx=_w(s, 0).end())
  File "C:\Python35\lib\json\decoder.py", line 357, in raw_decode
    raise JSONDecodeError("Expecting value", s, err.value) from None
json.decoder.JSONDecodeError: Expecting value: line 1 column 1 (char 0)
2017/07/17 02:11:56 PM smallgame.py[line:51] ERROR Expecting value: line 1 column 1 (char 0)
Traceback (most recent call last):
  File "E:\script\ÈÕ³£½Å±¾\smallgame.py", line 49, in bet2
    logging.info('join{}'.format(res.json()))
  File "C:\Python35\lib\site-packages\requests\models.py", line 894, in json
    return complexjson.loads(self.text, **kwargs)
  File "C:\Python35\lib\json\__init__.py", line 319, in loads
    return _default_decoder.decode(s)
  File "C:\Python35\lib\json\decoder.py", line 339, in decode
    obj, end = self.raw_decode(s, idx=_w(s, 0).end())
  File "C:\Python35\lib\json\decoder.py", line 357, in raw_decode
    raise JSONDecodeError("Expecting value", s, err.value) from None
json.decoder.JSONDecodeError: Expecting value: line 1 column 1 (char 0)
2017/07/17 02:11:56 PM smallgame.py[line:51] ERROR Expecting value: line 1 column 1 (char 0)
Traceback (most recent call last):
  File "E:\script\ÈÕ³£½Å±¾\smallgame.py", line 49, in bet2
    logging.info('join{}'.format(res.json()))
  File "C:\Python35\lib\site-packages\requests\models.py", line 894, in json
    return complexjson.loads(self.text, **kwargs)
  File "C:\Python35\lib\json\__init__.py", line 319, in loads
    return _default_decoder.decode(s)
  File "C:\Python35\lib\json\decoder.py", line 339, in decode
    obj, end = self.raw_decode(s, idx=_w(s, 0).end())
  File "C:\Python35\lib\json\decoder.py", line 357, in raw_decode
    raise JSONDecodeError("Expecting value", s, err.value) from None
json.decoder.JSONDecodeError: Expecting value: line 1 column 1 (char 0)
2017/07/17 02:11:56 PM smallgame.py[line:51] ERROR Expecting value: line 1 column 1 (char 0)
Traceback (most recent call last):
  File "E:\script\ÈÕ³£½Å±¾\smallgame.py", line 49, in bet2
    logging.info('join{}'.format(res.json()))
  File "C:\Python35\lib\site-packages\requests\models.py", line 894, in json
    return complexjson.loads(self.text, **kwargs)
  File "C:\Python35\lib\json\__init__.py", line 319, in loads
    return _default_decoder.decode(s)
  File "C:\Python35\lib\json\decoder.py", line 339, in decode
    obj, end = self.raw_decode(s, idx=_w(s, 0).end())
  File "C:\Python35\lib\json\decoder.py", line 357, in raw_decode
    raise JSONDecodeError("Expecting value", s, err.value) from None
json.decoder.JSONDecodeError: Expecting value: line 1 column 1 (char 0)
2017/07/17 02:11:56 PM smallgame.py[line:51] ERROR Expecting value: line 1 column 1 (char 0)
Traceback (most recent call last):
  File "E:\script\ÈÕ³£½Å±¾\smallgame.py", line 49, in bet2
    logging.info('join{}'.format(res.json()))
  File "C:\Python35\lib\site-packages\requests\models.py", line 894, in json
    return complexjson.loads(self.text, **kwargs)
  File "C:\Python35\lib\json\__init__.py", line 319, in loads
    return _default_decoder.decode(s)
  File "C:\Python35\lib\json\decoder.py", line 339, in decode
    obj, end = self.raw_decode(s, idx=_w(s, 0).end())
  File "C:\Python35\lib\json\decoder.py", line 357, in raw_decode
    raise JSONDecodeError("Expecting value", s, err.value) from None
json.decoder.JSONDecodeError: Expecting value: line 1 column 1 (char 0)
2017/07/17 02:11:56 PM smallgame.py[line:51] ERROR Expecting value: line 1 column 1 (char 0)
Traceback (most recent call last):
  File "E:\script\ÈÕ³£½Å±¾\smallgame.py", line 49, in bet2
    logging.info('join{}'.format(res.json()))
  File "C:\Python35\lib\site-packages\requests\models.py", line 894, in json
    return complexjson.loads(self.text, **kwargs)
  File "C:\Python35\lib\json\__init__.py", line 319, in loads
    return _default_decoder.decode(s)
  File "C:\Python35\lib\json\decoder.py", line 339, in decode
    obj, end = self.raw_decode(s, idx=_w(s, 0).end())
  File "C:\Python35\lib\json\decoder.py", line 357, in raw_decode
    raise JSONDecodeError("Expecting value", s, err.value) from None
json.decoder.JSONDecodeError: Expecting value: line 1 column 1 (char 0)
2017/07/17 02:11:56 PM smallgame.py[line:51] ERROR Expecting value: line 1 column 1 (char 0)
Traceback (most recent call last):
  File "E:\script\ÈÕ³£½Å±¾\smallgame.py", line 49, in bet2
    logging.info('join{}'.format(res.json()))
  File "C:\Python35\lib\site-packages\requests\models.py", line 894, in json
    return complexjson.loads(self.text, **kwargs)
  File "C:\Python35\lib\json\__init__.py", line 319, in loads
    return _default_decoder.decode(s)
  File "C:\Python35\lib\json\decoder.py", line 339, in decode
    obj, end = self.raw_decode(s, idx=_w(s, 0).end())
  File "C:\Python35\lib\json\decoder.py", line 357, in raw_decode
    raise JSONDecodeError("Expecting value", s, err.value) from None
json.decoder.JSONDecodeError: Expecting value: line 1 column 1 (char 0)
2017/07/17 02:11:56 PM smallgame.py[line:51] ERROR Expecting value: line 1 column 1 (char 0)
Traceback (most recent call last):
  File "E:\script\ÈÕ³£½Å±¾\smallgame.py", line 49, in bet2
    logging.info('join{}'.format(res.json()))
  File "C:\Python35\lib\site-packages\requests\models.py", line 894, in json
    return complexjson.loads(self.text, **kwargs)
  File "C:\Python35\lib\json\__init__.py", line 319, in loads
    return _default_decoder.decode(s)
  File "C:\Python35\lib\json\decoder.py", line 339, in decode
    obj, end = self.raw_decode(s, idx=_w(s, 0).end())
  File "C:\Python35\lib\json\decoder.py", line 357, in raw_decode
    raise JSONDecodeError("Expecting value", s, err.value) from None
json.decoder.JSONDecodeError: Expecting value: line 1 column 1 (char 0)
2017/07/17 02:11:56 PM smallgame.py[line:51] ERROR Expecting value: line 1 column 1 (char 0)
Traceback (most recent call last):
  File "E:\script\ÈÕ³£½Å±¾\smallgame.py", line 49, in bet2
    logging.info('join{}'.format(res.json()))
  File "C:\Python35\lib\site-packages\requests\models.py", line 894, in json
    return complexjson.loads(self.text, **kwargs)
  File "C:\Python35\lib\json\__init__.py", line 319, in loads
    return _default_decoder.decode(s)
  File "C:\Python35\lib\json\decoder.py", line 339, in decode
    obj, end = self.raw_decode(s, idx=_w(s, 0).end())
  File "C:\Python35\lib\json\decoder.py", line 357, in raw_decode
    raise JSONDecodeError("Expecting value", s, err.value) from None
json.decoder.JSONDecodeError: Expecting value: line 1 column 1 (char 0)
2017/07/17 02:11:56 PM smallgame.py[line:51] ERROR Expecting value: line 1 column 1 (char 0)
Traceback (most recent call last):
  File "E:\script\ÈÕ³£½Å±¾\smallgame.py", line 49, in bet2
    logging.info('join{}'.format(res.json()))
  File "C:\Python35\lib\site-packages\requests\models.py", line 894, in json
    return complexjson.loads(self.text, **kwargs)
  File "C:\Python35\lib\json\__init__.py", line 319, in loads
    return _default_decoder.decode(s)
  File "C:\Python35\lib\json\decoder.py", line 339, in decode
    obj, end = self.raw_decode(s, idx=_w(s, 0).end())
  File "C:\Python35\lib\json\decoder.py", line 357, in raw_decode
    raise JSONDecodeError("Expecting value", s, err.value) from None
json.decoder.JSONDecodeError: Expecting value: line 1 column 1 (char 0)
2017/07/17 02:11:56 PM smallgame.py[line:51] ERROR Expecting value: line 1 column 1 (char 0)
Traceback (most recent call last):
  File "E:\script\ÈÕ³£½Å±¾\smallgame.py", line 49, in bet2
    logging.info('join{}'.format(res.json()))
  File "C:\Python35\lib\site-packages\requests\models.py", line 894, in json
    return complexjson.loads(self.text, **kwargs)
  File "C:\Python35\lib\json\__init__.py", line 319, in loads
    return _default_decoder.decode(s)
  File "C:\Python35\lib\json\decoder.py", line 339, in decode
    obj, end = self.raw_decode(s, idx=_w(s, 0).end())
  File "C:\Python35\lib\json\decoder.py", line 357, in raw_decode
    raise JSONDecodeError("Expecting value", s, err.value) from None
json.decoder.JSONDecodeError: Expecting value: line 1 column 1 (char 0)
2017/07/17 02:11:56 PM smallgame.py[line:51] ERROR Expecting value: line 1 column 1 (char 0)
Traceback (most recent call last):
  File "E:\script\ÈÕ³£½Å±¾\smallgame.py", line 49, in bet2
    logging.info('join{}'.format(res.json()))
  File "C:\Python35\lib\site-packages\requests\models.py", line 894, in json
    return complexjson.loads(self.text, **kwargs)
  File "C:\Python35\lib\json\__init__.py", line 319, in loads
    return _default_decoder.decode(s)
  File "C:\Python35\lib\json\decoder.py", line 339, in decode
    obj, end = self.raw_decode(s, idx=_w(s, 0).end())
  File "C:\Python35\lib\json\decoder.py", line 357, in raw_decode
    raise JSONDecodeError("Expecting value", s, err.value) from None
json.decoder.JSONDecodeError: Expecting value: line 1 column 1 (char 0)
2017/07/17 02:11:56 PM smallgame.py[line:51] ERROR Expecting value: line 1 column 1 (char 0)
Traceback (most recent call last):
  File "E:\script\ÈÕ³£½Å±¾\smallgame.py", line 49, in bet2
    logging.info('join{}'.format(res.json()))
  File "C:\Python35\lib\site-packages\requests\models.py", line 894, in json
    return complexjson.loads(self.text, **kwargs)
  File "C:\Python35\lib\json\__init__.py", line 319, in loads
    return _default_decoder.decode(s)
  File "C:\Python35\lib\json\decoder.py", line 339, in decode
    obj, end = self.raw_decode(s, idx=_w(s, 0).end())
  File "C:\Python35\lib\json\decoder.py", line 357, in raw_decode
    raise JSONDecodeError("Expecting value", s, err.value) from None
json.decoder.JSONDecodeError: Expecting value: line 1 column 1 (char 0)
2017/07/17 02:11:56 PM smallgame.py[line:51] ERROR Expecting value: line 1 column 1 (char 0)
Traceback (most recent call last):
  File "E:\script\ÈÕ³£½Å±¾\smallgame.py", line 49, in bet2
    logging.info('join{}'.format(res.json()))
  File "C:\Python35\lib\site-packages\requests\models.py", line 894, in json
    return complexjson.loads(self.text, **kwargs)
  File "C:\Python35\lib\json\__init__.py", line 319, in loads
    return _default_decoder.decode(s)
  File "C:\Python35\lib\json\decoder.py", line 339, in decode
    obj, end = self.raw_decode(s, idx=_w(s, 0).end())
  File "C:\Python35\lib\json\decoder.py", line 357, in raw_decode
    raise JSONDecodeError("Expecting value", s, err.value) from None
json.decoder.JSONDecodeError: Expecting value: line 1 column 1 (char 0)
2017/07/17 02:11:56 PM smallgame.py[line:51] ERROR Expecting value: line 1 column 1 (char 0)
Traceback (most recent call last):
  File "E:\script\ÈÕ³£½Å±¾\smallgame.py", line 49, in bet2
    logging.info('join{}'.format(res.json()))
  File "C:\Python35\lib\site-packages\requests\models.py", line 894, in json
    return complexjson.loads(self.text, **kwargs)
  File "C:\Python35\lib\json\__init__.py", line 319, in loads
    return _default_decoder.decode(s)
  File "C:\Python35\lib\json\decoder.py", line 339, in decode
    obj, end = self.raw_decode(s, idx=_w(s, 0).end())
  File "C:\Python35\lib\json\decoder.py", line 357, in raw_decode
    raise JSONDecodeError("Expecting value", s, err.value) from None
json.decoder.JSONDecodeError: Expecting value: line 1 column 1 (char 0)
2017/07/17 02:11:56 PM smallgame.py[line:51] ERROR Expecting value: line 1 column 1 (char 0)
Traceback (most recent call last):
  File "E:\script\ÈÕ³£½Å±¾\smallgame.py", line 49, in bet2
    logging.info('join{}'.format(res.json()))
  File "C:\Python35\lib\site-packages\requests\models.py", line 894, in json
    return complexjson.loads(self.text, **kwargs)
  File "C:\Python35\lib\json\__init__.py", line 319, in loads
    return _default_decoder.decode(s)
  File "C:\Python35\lib\json\decoder.py", line 339, in decode
    obj, end = self.raw_decode(s, idx=_w(s, 0).end())
  File "C:\Python35\lib\json\decoder.py", line 357, in raw_decode
    raise JSONDecodeError("Expecting value", s, err.value) from None
json.decoder.JSONDecodeError: Expecting value: line 1 column 1 (char 0)
2017/07/17 02:11:56 PM smallgame.py[line:51] ERROR Expecting value: line 1 column 1 (char 0)
Traceback (most recent call last):
  File "E:\script\ÈÕ³£½Å±¾\smallgame.py", line 49, in bet2
    logging.info('join{}'.format(res.json()))
  File "C:\Python35\lib\site-packages\requests\models.py", line 894, in json
    return complexjson.loads(self.text, **kwargs)
  File "C:\Python35\lib\json\__init__.py", line 319, in loads
    return _default_decoder.decode(s)
  File "C:\Python35\lib\json\decoder.py", line 339, in decode
    obj, end = self.raw_decode(s, idx=_w(s, 0).end())
  File "C:\Python35\lib\json\decoder.py", line 357, in raw_decode
    raise JSONDecodeError("Expecting value", s, err.value) from None
json.decoder.JSONDecodeError: Expecting value: line 1 column 1 (char 0)
2017/07/17 02:11:56 PM smallgame.py[line:51] ERROR Expecting value: line 1 column 1 (char 0)
Traceback (most recent call last):
  File "E:\script\ÈÕ³£½Å±¾\smallgame.py", line 49, in bet2
    logging.info('join{}'.format(res.json()))
  File "C:\Python35\lib\site-packages\requests\models.py", line 894, in json
    return complexjson.loads(self.text, **kwargs)
  File "C:\Python35\lib\json\__init__.py", line 319, in loads
    return _default_decoder.decode(s)
  File "C:\Python35\lib\json\decoder.py", line 339, in decode
    obj, end = self.raw_decode(s, idx=_w(s, 0).end())
  File "C:\Python35\lib\json\decoder.py", line 357, in raw_decode
    raise JSONDecodeError("Expecting value", s, err.value) from None
json.decoder.JSONDecodeError: Expecting value: line 1 column 1 (char 0)
2017/07/17 02:11:56 PM smallgame.py[line:51] ERROR Expecting value: line 1 column 1 (char 0)
Traceback (most recent call last):
  File "E:\script\ÈÕ³£½Å±¾\smallgame.py", line 49, in bet2
    logging.info('join{}'.format(res.json()))
  File "C:\Python35\lib\site-packages\requests\models.py", line 894, in json
    return complexjson.loads(self.text, **kwargs)
  File "C:\Python35\lib\json\__init__.py", line 319, in loads
    return _default_decoder.decode(s)
  File "C:\Python35\lib\json\decoder.py", line 339, in decode
    obj, end = self.raw_decode(s, idx=_w(s, 0).end())
  File "C:\Python35\lib\json\decoder.py", line 357, in raw_decode
    raise JSONDecodeError("Expecting value", s, err.value) from None
json.decoder.JSONDecodeError: Expecting value: line 1 column 1 (char 0)
2017/07/17 02:11:56 PM smallgame.py[line:51] ERROR Expecting value: line 1 column 1 (char 0)
Traceback (most recent call last):
  File "E:\script\ÈÕ³£½Å±¾\smallgame.py", line 49, in bet2
    logging.info('join{}'.format(res.json()))
  File "C:\Python35\lib\site-packages\requests\models.py", line 894, in json
    return complexjson.loads(self.text, **kwargs)
  File "C:\Python35\lib\json\__init__.py", line 319, in loads
    return _default_decoder.decode(s)
  File "C:\Python35\lib\json\decoder.py", line 339, in decode
    obj, end = self.raw_decode(s, idx=_w(s, 0).end())
  File "C:\Python35\lib\json\decoder.py", line 357, in raw_decode
    raise JSONDecodeError("Expecting value", s, err.value) from None
json.decoder.JSONDecodeError: Expecting value: line 1 column 1 (char 0)
2017/07/17 02:11:57 PM smallgame.py[line:51] ERROR Expecting value: line 1 column 1 (char 0)
Traceback (most recent call last):
  File "E:\script\ÈÕ³£½Å±¾\smallgame.py", line 49, in bet2
    logging.info('join{}'.format(res.json()))
  File "C:\Python35\lib\site-packages\requests\models.py", line 894, in json
    return complexjson.loads(self.text, **kwargs)
  File "C:\Python35\lib\json\__init__.py", line 319, in loads
    return _default_decoder.decode(s)
  File "C:\Python35\lib\json\decoder.py", line 339, in decode
    obj, end = self.raw_decode(s, idx=_w(s, 0).end())
  File "C:\Python35\lib\json\decoder.py", line 357, in raw_decode
    raise JSONDecodeError("Expecting value", s, err.value) from None
json.decoder.JSONDecodeError: Expecting value: line 1 column 1 (char 0)
2017/07/17 02:11:57 PM smallgame.py[line:51] ERROR Expecting value: line 1 column 1 (char 0)
Traceback (most recent call last):
  File "E:\script\ÈÕ³£½Å±¾\smallgame.py", line 49, in bet2
    logging.info('join{}'.format(res.json()))
  File "C:\Python35\lib\site-packages\requests\models.py", line 894, in json
    return complexjson.loads(self.text, **kwargs)
  File "C:\Python35\lib\json\__init__.py", line 319, in loads
    return _default_decoder.decode(s)
  File "C:\Python35\lib\json\decoder.py", line 339, in decode
    obj, end = self.raw_decode(s, idx=_w(s, 0).end())
  File "C:\Python35\lib\json\decoder.py", line 357, in raw_decode
    raise JSONDecodeError("Expecting value", s, err.value) from None
json.decoder.JSONDecodeError: Expecting value: line 1 column 1 (char 0)
2017/07/17 02:11:57 PM smallgame.py[line:51] ERROR Expecting value: line 1 column 1 (char 0)
Traceback (most recent call last):
  File "E:\script\ÈÕ³£½Å±¾\smallgame.py", line 49, in bet2
    logging.info('join{}'.format(res.json()))
  File "C:\Python35\lib\site-packages\requests\models.py", line 894, in json
    return complexjson.loads(self.text, **kwargs)
  File "C:\Python35\lib\json\__init__.py", line 319, in loads
    return _default_decoder.decode(s)
  File "C:\Python35\lib\json\decoder.py", line 339, in decode
    obj, end = self.raw_decode(s, idx=_w(s, 0).end())
  File "C:\Python35\lib\json\decoder.py", line 357, in raw_decode
    raise JSONDecodeError("Expecting value", s, err.value) from None
json.decoder.JSONDecodeError: Expecting value: line 1 column 1 (char 0)
2017/07/17 02:11:57 PM smallgame.py[line:51] ERROR Expecting value: line 1 column 1 (char 0)
Traceback (most recent call last):
  File "E:\script\ÈÕ³£½Å±¾\smallgame.py", line 49, in bet2
    logging.info('join{}'.format(res.json()))
  File "C:\Python35\lib\site-packages\requests\models.py", line 894, in json
    return complexjson.loads(self.text, **kwargs)
  File "C:\Python35\lib\json\__init__.py", line 319, in loads
    return _default_decoder.decode(s)
  File "C:\Python35\lib\json\decoder.py", line 339, in decode
    obj, end = self.raw_decode(s, idx=_w(s, 0).end())
  File "C:\Python35\lib\json\decoder.py", line 357, in raw_decode
    raise JSONDecodeError("Expecting value", s, err.value) from None
json.decoder.JSONDecodeError: Expecting value: line 1 column 1 (char 0)
2017/07/17 02:11:57 PM smallgame.py[line:51] ERROR Expecting value: line 1 column 1 (char 0)
Traceback (most recent call last):
  File "E:\script\ÈÕ³£½Å±¾\smallgame.py", line 49, in bet2
    logging.info('join{}'.format(res.json()))
  File "C:\Python35\lib\site-packages\requests\models.py", line 894, in json
    return complexjson.loads(self.text, **kwargs)
  File "C:\Python35\lib\json\__init__.py", line 319, in loads
    return _default_decoder.decode(s)
  File "C:\Python35\lib\json\decoder.py", line 339, in decode
    obj, end = self.raw_decode(s, idx=_w(s, 0).end())
  File "C:\Python35\lib\json\decoder.py", line 357, in raw_decode
    raise JSONDecodeError("Expecting value", s, err.value) from None
json.decoder.JSONDecodeError: Expecting value: line 1 column 1 (char 0)
2017/07/17 02:11:57 PM smallgame.py[line:51] ERROR Expecting value: line 1 column 1 (char 0)
Traceback (most recent call last):
  File "E:\script\ÈÕ³£½Å±¾\smallgame.py", line 49, in bet2
    logging.info('join{}'.format(res.json()))
  File "C:\Python35\lib\site-packages\requests\models.py", line 894, in json
    return complexjson.loads(self.text, **kwargs)
  File "C:\Python35\lib\json\__init__.py", line 319, in loads
    return _default_decoder.decode(s)
  File "C:\Python35\lib\json\decoder.py", line 339, in decode
    obj, end = self.raw_decode(s, idx=_w(s, 0).end())
  File "C:\Python35\lib\json\decoder.py", line 357, in raw_decode
    raise JSONDecodeError("Expecting value", s, err.value) from None
json.decoder.JSONDecodeError: Expecting value: line 1 column 1 (char 0)
2017/07/17 02:11:57 PM smallgame.py[line:51] ERROR Expecting value: line 1 column 1 (char 0)
Traceback (most recent call last):
  File "E:\script\ÈÕ³£½Å±¾\smallgame.py", line 49, in bet2
    logging.info('join{}'.format(res.json()))
  File "C:\Python35\lib\site-packages\requests\models.py", line 894, in json
    return complexjson.loads(self.text, **kwargs)
  File "C:\Python35\lib\json\__init__.py", line 319, in loads
    return _default_decoder.decode(s)
  File "C:\Python35\lib\json\decoder.py", line 339, in decode
    obj, end = self.raw_decode(s, idx=_w(s, 0).end())
  File "C:\Python35\lib\json\decoder.py", line 357, in raw_decode
    raise JSONDecodeError("Expecting value", s, err.value) from None
json.decoder.JSONDecodeError: Expecting value: line 1 column 1 (char 0)
2017/07/17 02:11:57 PM smallgame.py[line:51] ERROR Expecting value: line 1 column 1 (char 0)
Traceback (most recent call last):
  File "E:\script\ÈÕ³£½Å±¾\smallgame.py", line 49, in bet2
    logging.info('join{}'.format(res.json()))
  File "C:\Python35\lib\site-packages\requests\models.py", line 894, in json
    return complexjson.loads(self.text, **kwargs)
  File "C:\Python35\lib\json\__init__.py", line 319, in loads
    return _default_decoder.decode(s)
  File "C:\Python35\lib\json\decoder.py", line 339, in decode
    obj, end = self.raw_decode(s, idx=_w(s, 0).end())
  File "C:\Python35\lib\json\decoder.py", line 357, in raw_decode
    raise JSONDecodeError("Expecting value", s, err.value) from None
json.decoder.JSONDecodeError: Expecting value: line 1 column 1 (char 0)
2017/07/17 02:11:57 PM smallgame.py[line:51] ERROR Expecting value: line 1 column 1 (char 0)
Traceback (most recent call last):
  File "E:\script\ÈÕ³£½Å±¾\smallgame.py", line 49, in bet2
    logging.info('join{}'.format(res.json()))
  File "C:\Python35\lib\site-packages\requests\models.py", line 894, in json
    return complexjson.loads(self.text, **kwargs)
  File "C:\Python35\lib\json\__init__.py", line 319, in loads
    return _default_decoder.decode(s)
  File "C:\Python35\lib\json\decoder.py", line 339, in decode
    obj, end = self.raw_decode(s, idx=_w(s, 0).end())
  File "C:\Python35\lib\json\decoder.py", line 357, in raw_decode
    raise JSONDecodeError("Expecting value", s, err.value) from None
json.decoder.JSONDecodeError: Expecting value: line 1 column 1 (char 0)
2017/07/17 02:11:57 PM smallgame.py[line:51] ERROR Expecting value: line 1 column 1 (char 0)
Traceback (most recent call last):
  File "E:\script\ÈÕ³£½Å±¾\smallgame.py", line 49, in bet2
    logging.info('join{}'.format(res.json()))
  File "C:\Python35\lib\site-packages\requests\models.py", line 894, in json
    return complexjson.loads(self.text, **kwargs)
  File "C:\Python35\lib\json\__init__.py", line 319, in loads
    return _default_decoder.decode(s)
  File "C:\Python35\lib\json\decoder.py", line 339, in decode
    obj, end = self.raw_decode(s, idx=_w(s, 0).end())
  File "C:\Python35\lib\json\decoder.py", line 357, in raw_decode
    raise JSONDecodeError("Expecting value", s, err.value) from None
json.decoder.JSONDecodeError: Expecting value: line 1 column 1 (char 0)
2017/07/17 02:11:57 PM smallgame.py[line:51] ERROR Expecting value: line 1 column 1 (char 0)
Traceback (most recent call last):
  File "E:\script\ÈÕ³£½Å±¾\smallgame.py", line 49, in bet2
    logging.info('join{}'.format(res.json()))
  File "C:\Python35\lib\site-packages\requests\models.py", line 894, in json
    return complexjson.loads(self.text, **kwargs)
  File "C:\Python35\lib\json\__init__.py", line 319, in loads
    return _default_decoder.decode(s)
  File "C:\Python35\lib\json\decoder.py", line 339, in decode
    obj, end = self.raw_decode(s, idx=_w(s, 0).end())
  File "C:\Python35\lib\json\decoder.py", line 357, in raw_decode
    raise JSONDecodeError("Expecting value", s, err.value) from None
json.decoder.JSONDecodeError: Expecting value: line 1 column 1 (char 0)
2017/07/17 02:11:57 PM smallgame.py[line:51] ERROR Expecting value: line 1 column 1 (char 0)
Traceback (most recent call last):
  File "E:\script\ÈÕ³£½Å±¾\smallgame.py", line 49, in bet2
    logging.info('join{}'.format(res.json()))
  File "C:\Python35\lib\site-packages\requests\models.py", line 894, in json
    return complexjson.loads(self.text, **kwargs)
  File "C:\Python35\lib\json\__init__.py", line 319, in loads
    return _default_decoder.decode(s)
  File "C:\Python35\lib\json\decoder.py", line 339, in decode
    obj, end = self.raw_decode(s, idx=_w(s, 0).end())
  File "C:\Python35\lib\json\decoder.py", line 357, in raw_decode
    raise JSONDecodeError("Expecting value", s, err.value) from None
json.decoder.JSONDecodeError: Expecting value: line 1 column 1 (char 0)
2017/07/17 02:11:57 PM smallgame.py[line:51] ERROR Expecting value: line 1 column 1 (char 0)
Traceback (most recent call last):
  File "E:\script\ÈÕ³£½Å±¾\smallgame.py", line 49, in bet2
    logging.info('join{}'.format(res.json()))
  File "C:\Python35\lib\site-packages\requests\models.py", line 894, in json
    return complexjson.loads(self.text, **kwargs)
  File "C:\Python35\lib\json\__init__.py", line 319, in loads
    return _default_decoder.decode(s)
  File "C:\Python35\lib\json\decoder.py", line 339, in decode
    obj, end = self.raw_decode(s, idx=_w(s, 0).end())
  File "C:\Python35\lib\json\decoder.py", line 357, in raw_decode
    raise JSONDecodeError("Expecting value", s, err.value) from None
json.decoder.JSONDecodeError: Expecting value: line 1 column 1 (char 0)
2017/07/17 02:11:57 PM smallgame.py[line:51] ERROR Expecting value: line 1 column 1 (char 0)
Traceback (most recent call last):
  File "E:\script\ÈÕ³£½Å±¾\smallgame.py", line 49, in bet2
    logging.info('join{}'.format(res.json()))
  File "C:\Python35\lib\site-packages\requests\models.py", line 894, in json
    return complexjson.loads(self.text, **kwargs)
  File "C:\Python35\lib\json\__init__.py", line 319, in loads
    return _default_decoder.decode(s)
  File "C:\Python35\lib\json\decoder.py", line 339, in decode
    obj, end = self.raw_decode(s, idx=_w(s, 0).end())
  File "C:\Python35\lib\json\decoder.py", line 357, in raw_decode
    raise JSONDecodeError("Expecting value", s, err.value) from None
json.decoder.JSONDecodeError: Expecting value: line 1 column 1 (char 0)
2017/07/17 02:11:57 PM smallgame.py[line:51] ERROR Expecting value: line 1 column 1 (char 0)
Traceback (most recent call last):
  File "E:\script\ÈÕ³£½Å±¾\smallgame.py", line 49, in bet2
    logging.info('join{}'.format(res.json()))
  File "C:\Python35\lib\site-packages\requests\models.py", line 894, in json
    return complexjson.loads(self.text, **kwargs)
  File "C:\Python35\lib\json\__init__.py", line 319, in loads
    return _default_decoder.decode(s)
  File "C:\Python35\lib\json\decoder.py", line 339, in decode
    obj, end = self.raw_decode(s, idx=_w(s, 0).end())
  File "C:\Python35\lib\json\decoder.py", line 357, in raw_decode
    raise JSONDecodeError("Expecting value", s, err.value) from None
json.decoder.JSONDecodeError: Expecting value: line 1 column 1 (char 0)
2017/07/17 02:11:57 PM smallgame.py[line:51] ERROR Expecting value: line 1 column 1 (char 0)
Traceback (most recent call last):
  File "E:\script\ÈÕ³£½Å±¾\smallgame.py", line 49, in bet2
    logging.info('join{}'.format(res.json()))
  File "C:\Python35\lib\site-packages\requests\models.py", line 894, in json
    return complexjson.loads(self.text, **kwargs)
  File "C:\Python35\lib\json\__init__.py", line 319, in loads
    return _default_decoder.decode(s)
  File "C:\Python35\lib\json\decoder.py", line 339, in decode
    obj, end = self.raw_decode(s, idx=_w(s, 0).end())
  File "C:\Python35\lib\json\decoder.py", line 357, in raw_decode
    raise JSONDecodeError("Expecting value", s, err.value) from None
json.decoder.JSONDecodeError: Expecting value: line 1 column 1 (char 0)
2017/07/17 02:11:57 PM smallgame.py[line:60] INFO joinÊ±¼äÏûºÄ0.49027585983276367
2017/07/17 02:11:57 PM smallgame.py[line:67] ERROR 'NoneType' object is not subscriptable
Traceback (most recent call last):
  File "E:\script\ÈÕ³£½Å±¾\smallgame.py", line 63, in test
    events = [gevent.spawn(bet1, uid, res[0], res[1]) for uid in user]
  File "E:\script\ÈÕ³£½Å±¾\smallgame.py", line 63, in <listcomp>
    events = [gevent.spawn(bet1, uid, res[0], res[1]) for uid in user]
TypeError: 'NoneType' object is not subscriptable
